Log file open, 03/13/24 06:21:01
LogWindows: Failed to load 'aqProf.dll' (GetLastError=126)
LogWindows: File 'aqProf.dll' does not exist
LogWindows: Failed to load 'VtuneApi.dll' (GetLastError=126)
LogWindows: File 'VtuneApi.dll' does not exist
LogWindows: Failed to load 'VtuneApi32e.dll' (GetLastError=126)
LogWindows: File 'VtuneApi32e.dll' does not exist
LogConsoleResponse: Display: Failed to find resolution value strings in scalability ini. Falling back to default.
LogConsoleResponse: Display: Failed to find resolution value strings in scalability ini. Falling back to default.
LogInit: Display: Running engine for game: Project1
LogPlatformFile: Not using cached read wrapper
LogTaskGraph: Started task graph with 5 named threads and 23 total threads with 3 sets of task threads.
LogStats: Stats thread started at 1.426068
LogICUInternationalization: ICU TimeZone Detection - Raw Offset: +8:00, Platform Override: ''
LogInit: Display: Loading text-based GConfig....
LogPluginManager: Mounting plugin MeshPainting
LogPluginManager: Mounting plugin XGEController
LogPluginManager: Mounting plugin Paper2D
LogPluginManager: Mounting plugin AISupport
LogPluginManager: Mounting plugin EnvironmentQueryEditor
LogPluginManager: Mounting plugin LiveLink
LogPluginManager: Mounting plugin LightPropagationVolume
LogPluginManager: Mounting plugin CameraShakePreviewer
LogPluginManager: Mounting plugin GameplayCameras
LogPluginManager: Mounting plugin OodleData
LogPluginManager: Mounting plugin OodleNetwork
LogPluginManager: Mounting plugin AnimationSharing
LogPluginManager: Mounting plugin CLionSourceCodeAccess
LogPluginManager: Mounting plugin CodeLiteSourceCodeAccess
LogPluginManager: Mounting plugin GitSourceControl
LogPluginManager: Mounting plugin KDevelopSourceCodeAccess
LogPluginManager: Mounting plugin NullSourceCodeAccess
LogPluginManager: Mounting plugin PerforceSourceControl
LogPluginManager: Mounting plugin PixWinPlugin
LogPluginManager: Mounting plugin PlasticSourceControl
LogPluginManager: Mounting plugin PluginUtils
LogPluginManager: Mounting plugin PropertyAccessNode
LogPluginManager: Mounting plugin RiderSourceCodeAccess
LogPluginManager: Mounting plugin SubversionSourceControl
LogPluginManager: Mounting plugin TextureFormatOodle
LogPluginManager: Mounting plugin UObjectPlugin
LogPluginManager: Mounting plugin VisualStudioCodeSourceCodeAccess
LogPluginManager: Mounting plugin VisualStudioSourceCodeAccess
LogPluginManager: Mounting plugin XCodeSourceCodeAccess
LogPluginManager: Mounting plugin AssetManagerEditor
LogPluginManager: Mounting plugin CryptoKeys
LogPluginManager: Mounting plugin CurveEditorTools
LogPluginManager: Mounting plugin DataValidation
LogPluginManager: Mounting plugin FacialAnimation
LogPluginManager: Mounting plugin GameplayTagsEditor
LogPluginManager: Mounting plugin GeometryMode
LogPluginManager: Mounting plugin MacGraphicsSwitching
LogPluginManager: Mounting plugin MaterialAnalyzer
LogPluginManager: Mounting plugin MobileLauncherProfileWizard
LogPluginManager: Mounting plugin PluginBrowser
LogPluginManager: Mounting plugin SpeedTreeImporter
LogPluginManager: Mounting plugin DatasmithContent
LogPluginManager: Mounting plugin VariantManagerContent
LogPluginManager: Mounting plugin AlembicImporter
LogPluginManager: Mounting plugin AutomationUtils
LogPluginManager: Mounting plugin BackChannel
LogPluginManager: Mounting plugin ChaosCloth
LogPluginManager: Mounting plugin ChaosClothEditor
LogPluginManager: Mounting plugin ChaosEditor
LogPluginManager: Mounting plugin ChaosNiagara
LogPluginManager: Mounting plugin ChaosSolverPlugin
LogPluginManager: Mounting plugin CharacterAI
LogPluginManager: Mounting plugin GeometryCache
LogPluginManager: Mounting plugin GeometryCollectionPlugin
LogPluginManager: Mounting plugin GeometryProcessing
LogPluginManager: Mounting plugin MotoSynth
LogPluginManager: Mounting plugin OpenImageDenoise
LogPluginManager: Mounting plugin PlanarCut
LogPluginManager: Mounting plugin PlatformCrypto
LogPluginManager: Mounting plugin ProxyLODPlugin
LogPluginManager: Mounting plugin PythonScriptPlugin
LogPluginManager: Mounting plugin SkeletalReduction
LogPluginManager: Mounting plugin Niagara
LogPluginManager: Mounting plugin LuminPlatformFeatures
LogPluginManager: Mounting plugin MagicLeap
LogPluginManager: Mounting plugin MagicLeapLightEstimation
LogPluginManager: Mounting plugin MagicLeapMedia
LogPluginManager: Mounting plugin MagicLeapPassableWorld
LogPluginManager: Mounting plugin MLSDK
LogPluginManager: Mounting plugin AndroidMedia
LogPluginManager: Mounting plugin AvfMedia
LogPluginManager: Mounting plugin ImgMedia
LogPluginManager: Mounting plugin MediaCompositing
LogPluginManager: Mounting plugin MediaPlayerEditor
LogPluginManager: Mounting plugin WmfMedia
LogPluginManager: Mounting plugin WebMMedia
LogPluginManager: Mounting plugin TcpMessaging
LogPluginManager: Mounting plugin UdpMessaging
LogPluginManager: Mounting plugin ActorSequence
LogPluginManager: Mounting plugin LevelSequenceEditor
LogPluginManager: Mounting plugin MatineeToLevelSequence
LogPluginManager: Mounting plugin TemplateSequence
LogPluginManager: Mounting plugin OnlineSubsystem
LogPluginManager: Mounting plugin OnlineSubsystemNull
LogPluginManager: Mounting plugin OnlineSubsystemUtils
LogPluginManager: Mounting plugin LauncherChunkInstaller
LogPluginManager: Mounting plugin ActorLayerUtilities
LogPluginManager: Mounting plugin AndroidDeviceProfileSelector
LogPluginManager: Mounting plugin AndroidMoviePlayer
LogPluginManager: Mounting plugin AndroidPermission
LogPluginManager: Mounting plugin AppleImageUtils
LogPluginManager: Mounting plugin AppleMoviePlayer
LogPluginManager: Mounting plugin ArchVisCharacter
LogPluginManager: Mounting plugin AssetTags
LogPluginManager: Mounting plugin AudioCapture
LogPluginManager: Mounting plugin AudioSynesthesia
LogPluginManager: Mounting plugin CableComponent
LogPluginManager: Mounting plugin ChunkDownloader
LogPluginManager: Mounting plugin CustomMeshComponent
LogPluginManager: Mounting plugin EditableMesh
LogPluginManager: Mounting plugin ExampleDeviceProfileSelector
LogPluginManager: Mounting plugin GoogleCloudMessaging
LogPluginManager: Mounting plugin GooglePAD
LogPluginManager: Mounting plugin IOSDeviceProfileSelector
LogPluginManager: Mounting plugin LinuxDeviceProfileSelector
LogPluginManager: Mounting plugin LocationServicesBPLibrary
LogPluginManager: Mounting plugin MobilePatchingUtils
LogPluginManager: Mounting plugin OpenXR
LogPluginManager: Mounting plugin OpenXREyeTracker
LogPluginManager: Mounting plugin OpenXRHandTracking
LogPluginManager: Mounting plugin PhysXVehicles
LogPluginManager: Mounting plugin PostSplashScreen
LogPluginManager: Mounting plugin ProceduralMeshComponent
LogPluginManager: Mounting plugin PropertyAccessEditor
LogPluginManager: Mounting plugin RuntimePhysXCooking
LogPluginManager: Mounting plugin SignificanceManager
LogPluginManager: Mounting plugin SoundFields
LogPluginManager: Mounting plugin Synthesis
LogPluginManager: Mounting plugin WebMMoviePlayer
LogPluginManager: Mounting plugin WindowsMoviePlayer
LogPluginManager: Mounting plugin Takes
LogPluginManager: Mounting plugin ScreenshotTools
LogPluginManager: Mounting plugin ContentBrowserClassDataSource
LogPluginManager: Mounting plugin ContentBrowserFileDataSource
LogPluginManager: Mounting plugin ContentBrowserAssetDataSource
LogPluginManager: Mounting plugin OnlineSubsystemGooglePlay
LogPluginManager: Mounting plugin OnlineSubsystemIOS
LogPluginManager: Mounting plugin OculusVR
LogPluginManager: Mounting plugin SteamVR
PixWinPlugin: PIX capture plugin failed to initialize! Check that the process is launched from PIX.
LogInit: Using libcurl 7.55.1-DEV
LogInit:  - built for x86_64-pc-win32
LogInit:  - supports SSL with OpenSSL/1.1.1
LogInit:  - supports HTTP deflate (compression) using libz 1.2.8
LogInit:  - other features:
LogInit:      CURL_VERSION_SSL
LogInit:      CURL_VERSION_LIBZ
LogInit:      CURL_VERSION_IPV6
LogInit:      CURL_VERSION_ASYNCHDNS
LogInit:      CURL_VERSION_LARGEFILE
LogInit:      CURL_VERSION_IDN
LogInit:  CurlRequestOptions (configurable via config and command line):
LogInit:  - bVerifyPeer = true  - Libcurl will verify peer certificate
LogInit:  - bUseHttpProxy = false  - Libcurl will NOT use HTTP proxy
LogInit:  - bDontReuseConnections = false  - Libcurl will reuse connections
LogInit:  - MaxHostConnections = 16  - Libcurl will limit the number of connections to a host
LogInit:  - LocalHostAddr = Default
LogInit:  - BufferSize = 65536
LogOnline: OSS: Creating online subsystem instance for: NULL
LogInit: WinSock: version 1.1 (2.2), MaxSocks=32767, MaxUdp=65467
LogOnline: OSS: TryLoadSubsystemAndSetDefault: Loaded subsystem for module [NULL]
LogOculusPluginWrapper: OculusPlugin initialized successfully
LogHMD: Failed initializing OVRPlugin 1.59.0
LogInit: Build: ++UE4+Release-4.27-CL-18319896
LogInit: Engine Version: 4.27.2-18319896+++UE4+Release-4.27
LogInit: Compatible Engine Version: 4.27.0-17155196+++UE4+Release-4.27
LogInit: Net CL: 17155196
LogInit: OS: Windows 10 (Release 2009) (), CPU: Intel(R) Core(TM) i7-6700 CPU @ 3.40GHz, GPU: NVIDIA GeForce RTX 3060
LogInit: Compiled (64-bit): Nov 30 2021 07:12:08
LogInit: Compiled with Visual C++: 19.24.28315.00
LogInit: Build Configuration: Development
LogInit: Branch Name: ++UE4+Release-4.27
LogInit: Command Line: 
LogInit: Base Directory: C:/Program Files/Epic Games/UE_4.27/Engine/Binaries/Win64/
LogInit: Allocator: TBB
LogInit: Installed Engine Build: 1
LogDevObjectVersion: Number of dev versions registered: 29
LogDevObjectVersion:   Dev-Blueprints (B0D832E4-1F89-4F0D-ACCF-7EB736FD4AA2): 10
LogDevObjectVersion:   Dev-Build (E1C64328-A22C-4D53-A36C-8E866417BD8C): 0
LogDevObjectVersion:   Dev-Core (375EC13C-06E4-48FB-B500-84F0262A717E): 4
LogDevObjectVersion:   Dev-Editor (E4B068ED-F494-42E9-A231-DA0B2E46BB41): 40
LogDevObjectVersion:   Dev-Framework (CFFC743F-43B0-4480-9391-14DF171D2073): 37
LogDevObjectVersion:   Dev-Mobile (B02B49B5-BB20-44E9-A304-32B752E40360): 3
LogDevObjectVersion:   Dev-Networking (A4E4105C-59A1-49B5-A7C5-40C4547EDFEE): 0
LogDevObjectVersion:   Dev-Online (39C831C9-5AE6-47DC-9A44-9C173E1C8E7C): 0
LogDevObjectVersion:   Dev-Physics (78F01B33-EBEA-4F98-B9B4-84EACCB95AA2): 14
LogDevObjectVersion:   Dev-Platform (6631380F-2D4D-43E0-8009-CF276956A95A): 0
LogDevObjectVersion:   Dev-Rendering (12F88B9F-8875-4AFC-A67C-D90C383ABD29): 45
LogDevObjectVersion:   Dev-Sequencer (7B5AE74C-D270-4C10-A958-57980B212A5A): 13
LogDevObjectVersion:   Dev-VR (D7296918-1DD6-4BDD-9DE2-64A83CC13884): 3
LogDevObjectVersion:   Dev-LoadTimes (C2A15278-BFE7-4AFE-6C17-90FF531DF755): 1
LogDevObjectVersion:   Private-Geometry (6EACA3D4-40EC-4CC1-B786-8BED09428FC5): 3
LogDevObjectVersion:   Dev-AnimPhys (29E575DD-E0A3-4627-9D10-D276232CDCEA): 17
LogDevObjectVersion:   Dev-Anim (AF43A65D-7FD3-4947-9873-3E8ED9C1BB05): 15
LogDevObjectVersion:   Dev-ReflectionCapture (6B266CEC-1EC7-4B8F-A30B-E4D90942FC07): 1
LogDevObjectVersion:   Dev-Automation (0DF73D61-A23F-47EA-B727-89E90C41499A): 1
LogDevObjectVersion:   FortniteMain (601D1886-AC64-4F84-AA16-D3DE0DEAC7D6): 47
LogDevObjectVersion:   FortniteRelease (E7086368-6B23-4C58-8439-1B7016265E91): 1
LogDevObjectVersion:   Dev-Enterprise (9DFFBCD6-494F-0158-E221-12823C92A888): 10
LogDevObjectVersion:   Dev-Niagara (F2AED0AC-9AFE-416F-8664-AA7FFA26D6FC): 1
LogDevObjectVersion:   Dev-Destruction (174F1F0B-B4C6-45A5-B13F-2EE8D0FB917D): 10
LogDevObjectVersion:   Dev-Physics-Ext (35F94A83-E258-406C-A318-09F59610247C): 41
LogDevObjectVersion:   Dev-PhysicsMaterial-Chaos (B68FC16E-8B1B-42E2-B453-215C058844FE): 1
LogDevObjectVersion:   Dev-CineCamera (B2E18506-4273-CFC2-A54E-F4BB758BBA07): 1
LogDevObjectVersion:   Dev-VirtualProduction (64F58936-FD1B-42BA-BA96-7289D5D0FA4E): 1
LogDevObjectVersion:   Dev-MediaFramework (6F0ED827-A609-4895-9C91-998D90180EA4): 2
LogInit: Presizing for max 25165824 objects, including 0 objects not considered by GC, pre-allocating 0 bytes for permanent pool.
LogConfig: Applying CVar settings from Section [/Script/Engine.StreamingSettings] File [C:/Users/vamsi/Documents/Unreal Projects/Project1/Saved/Config/Windows/Engine.ini]
LogConfig: Setting CVar [[s.MinBulkDataSizeForAsyncLoading:131072]]
LogConfig: Setting CVar [[s.AsyncLoadingThreadEnabled:0]]
LogConfig: Setting CVar [[s.EventDrivenLoaderEnabled:1]]
LogConfig: Setting CVar [[s.WarnIfTimeLimitExceeded:0]]
LogConfig: Setting CVar [[s.TimeLimitExceededMultiplier:1.5]]
LogConfig: Setting CVar [[s.TimeLimitExceededMinTime:0.005]]
LogConfig: Setting CVar [[s.UseBackgroundLevelStreaming:1]]
LogConfig: Setting CVar [[s.PriorityAsyncLoadingExtraTime:15.0]]
LogConfig: Setting CVar [[s.LevelStreamingActorsUpdateTimeLimit:5.0]]
LogConfig: Setting CVar [[s.PriorityLevelStreamingActorsUpdateExtraTime:5.0]]
LogConfig: Setting CVar [[s.LevelStreamingComponentsRegistrationGranularity:10]]
LogConfig: Setting CVar [[s.UnregisterComponentsTimeLimit:1.0]]
LogConfig: Setting CVar [[s.LevelStreamingComponentsUnregistrationGranularity:5]]
LogConfig: Setting CVar [[s.FlushStreamingOnExit:1]]
LogInit: Object subsystem initialized
LogConfig: Setting CVar [[con.DebugEarlyDefault:1]]
LogConfig: Setting CVar [[r.setres:1280x720]]
[2024.03.12-22.21.04:303][  0]LogConfig: Setting CVar [[r.VSync:0]]
[2024.03.12-22.21.04:303][  0]LogConfig: Setting CVar [[r.RHICmdBypass:0]]
[2024.03.12-22.21.04:303][  0]LogConfig: Applying CVar settings from Section [/Script/Engine.RendererSettings] File [C:/Users/vamsi/Documents/Unreal Projects/Project1/Saved/Config/Windows/Engine.ini]
[2024.03.12-22.21.04:303][  0]LogConfig: Setting CVar [[r.GPUCrashDebugging:0]]
[2024.03.12-22.21.04:303][  0]LogConfig: Setting CVar [[r.MobileHDR:0]]
[2024.03.12-22.21.04:303][  0]LogConfig: Setting CVar [[r.DefaultFeature.AutoExposure:0]]
[2024.03.12-22.21.04:304][  0]LogConfig: Applying CVar settings from Section [/Script/Engine.RendererOverrideSettings] File [C:/Users/vamsi/Documents/Unreal Projects/Project1/Saved/Config/Windows/Engine.ini]
[2024.03.12-22.21.04:304][  0]LogConfig: Applying CVar settings from Section [/Script/Engine.StreamingSettings] File [C:/Users/vamsi/Documents/Unreal Projects/Project1/Saved/Config/Windows/Engine.ini]
[2024.03.12-22.21.04:304][  0]LogConfig: Setting CVar [[s.MinBulkDataSizeForAsyncLoading:131072]]
[2024.03.12-22.21.04:304][  0]LogConfig: Setting CVar [[s.AsyncLoadingThreadEnabled:0]]
[2024.03.12-22.21.04:304][  0]LogConfig: Setting CVar [[s.EventDrivenLoaderEnabled:1]]
[2024.03.12-22.21.04:304][  0]LogConfig: Setting CVar [[s.WarnIfTimeLimitExceeded:0]]
[2024.03.12-22.21.04:304][  0]LogConfig: Setting CVar [[s.TimeLimitExceededMultiplier:1.5]]
[2024.03.12-22.21.04:304][  0]LogConfig: Setting CVar [[s.TimeLimitExceededMinTime:0.005]]
[2024.03.12-22.21.04:304][  0]LogConfig: Setting CVar [[s.UseBackgroundLevelStreaming:1]]
[2024.03.12-22.21.04:304][  0]LogConfig: Setting CVar [[s.PriorityAsyncLoadingExtraTime:15.0]]
[2024.03.12-22.21.04:304][  0]LogConfig: Setting CVar [[s.LevelStreamingActorsUpdateTimeLimit:5.0]]
[2024.03.12-22.21.04:304][  0]LogConfig: Setting CVar [[s.PriorityLevelStreamingActorsUpdateExtraTime:5.0]]
[2024.03.12-22.21.04:304][  0]LogConfig: Setting CVar [[s.LevelStreamingComponentsRegistrationGranularity:10]]
[2024.03.12-22.21.04:304][  0]LogConfig: Setting CVar [[s.UnregisterComponentsTimeLimit:1.0]]
[2024.03.12-22.21.04:304][  0]LogConfig: Setting CVar [[s.LevelStreamingComponentsUnregistrationGranularity:5]]
[2024.03.12-22.21.04:305][  0]LogConfig: Setting CVar [[s.FlushStreamingOnExit:1]]
[2024.03.12-22.21.04:305][  0]LogConfig: Applying CVar settings from Section [/Script/Engine.GarbageCollectionSettings] File [C:/Users/vamsi/Documents/Unreal Projects/Project1/Saved/Config/Windows/Engine.ini]
[2024.03.12-22.21.04:305][  0]LogConfig: Setting CVar [[gc.MaxObjectsNotConsideredByGC:1]]
[2024.03.12-22.21.04:305][  0]LogConfig: Setting CVar [[gc.SizeOfPermanentObjectPool:0]]
[2024.03.12-22.21.04:305][  0]LogConfig: Setting CVar [[gc.FlushStreamingOnGC:0]]
[2024.03.12-22.21.04:305][  0]LogConfig: Setting CVar [[gc.NumRetriesBeforeForcingGC:10]]
[2024.03.12-22.21.04:305][  0]LogConfig: Setting CVar [[gc.AllowParallelGC:1]]
[2024.03.12-22.21.04:305][  0]LogConfig: Setting CVar [[gc.TimeBetweenPurgingPendingKillObjects:61.1]]
[2024.03.12-22.21.04:305][  0]LogConfig: Setting CVar [[gc.MaxObjectsInEditor:25165824]]
[2024.03.12-22.21.04:305][  0]LogConfig: Setting CVar [[gc.IncrementalBeginDestroyEnabled:1]]
[2024.03.12-22.21.04:305][  0]LogConfig: Setting CVar [[gc.CreateGCClusters:1]]
[2024.03.12-22.21.04:305][  0]LogConfig: Setting CVar [[gc.MinGCClusterSize:5]]
[2024.03.12-22.21.04:305][  0]LogConfig: Setting CVar [[gc.ActorClusteringEnabled:0]]
[2024.03.12-22.21.04:305][  0]LogConfig: Setting CVar [[gc.BlueprintClusteringEnabled:0]]
[2024.03.12-22.21.04:305][  0]LogConfig: Setting CVar [[gc.UseDisregardForGCOnDedicatedServers:0]]
[2024.03.12-22.21.04:305][  0]LogConfig: Setting CVar [[gc.MultithreadedDestructionEnabled:1]]
[2024.03.12-22.21.04:305][  0]LogConfig: Applying CVar settings from Section [/Script/Engine.NetworkSettings] File [C:/Users/vamsi/Documents/Unreal Projects/Project1/Saved/Config/Windows/Engine.ini]
[2024.03.12-22.21.04:305][  0]LogConfig: Applying CVar settings from Section [/Script/UnrealEd.CookerSettings] File [C:/Users/vamsi/Documents/Unreal Projects/Project1/Saved/Config/Windows/Engine.ini]
[2024.03.12-22.21.04:404][  0]LogConfig: Applying CVar settings from Section [ViewDistanceQuality@3] File [C:/Users/vamsi/Documents/Unreal Projects/Project1/Saved/Config/Windows/Scalability.ini]
[2024.03.12-22.21.04:404][  0]LogConfig: Setting CVar [[r.SkeletalMeshLODBias:0]]
[2024.03.12-22.21.04:404][  0]LogConfig: Setting CVar [[r.ViewDistanceScale:1.0]]
[2024.03.12-22.21.04:404][  0]LogConfig: Applying CVar settings from Section [AntiAliasingQuality@3] File [C:/Users/vamsi/Documents/Unreal Projects/Project1/Saved/Config/Windows/Scalability.ini]
[2024.03.12-22.21.04:404][  0]LogConfig: Setting CVar [[r.PostProcessAAQuality:4]]
[2024.03.12-22.21.04:404][  0]LogConfig: Applying CVar settings from Section [ShadowQuality@3] File [C:/Users/vamsi/Documents/Unreal Projects/Project1/Saved/Config/Windows/Scalability.ini]
[2024.03.12-22.21.04:404][  0]LogConfig: Setting CVar [[r.LightFunctionQuality:1]]
[2024.03.12-22.21.04:404][  0]LogConfig: Setting CVar [[r.ShadowQuality:5]]
[2024.03.12-22.21.04:404][  0]LogConfig: Setting CVar [[r.Shadow.CSM.MaxCascades:10]]
[2024.03.12-22.21.04:404][  0]LogConfig: Setting CVar [[r.Shadow.MaxResolution:2048]]
[2024.03.12-22.21.04:404][  0]LogConfig: Setting CVar [[r.Shadow.MaxCSMResolution:2048]]
[2024.03.12-22.21.04:404][  0]LogConfig: Setting CVar [[r.Shadow.RadiusThreshold:0.01]]
[2024.03.12-22.21.04:404][  0]LogConfig: Setting CVar [[r.Shadow.DistanceScale:1.0]]
[2024.03.12-22.21.04:404][  0]LogConfig: Setting CVar [[r.Shadow.CSM.TransitionScale:1.0]]
[2024.03.12-22.21.04:404][  0]LogConfig: Setting CVar [[r.Shadow.PreShadowResolutionFactor:1.0]]
[2024.03.12-22.21.04:404][  0]LogConfig: Setting CVar [[r.DistanceFieldShadowing:1]]
[2024.03.12-22.21.04:404][  0]LogConfig: Setting CVar [[r.DistanceFieldAO:1]]
[2024.03.12-22.21.04:404][  0]LogConfig: Setting CVar [[r.AOQuality:2]]
[2024.03.12-22.21.04:404][  0]LogConfig: Setting CVar [[r.VolumetricFog:1]]
[2024.03.12-22.21.04:404][  0]LogConfig: Setting CVar [[r.VolumetricFog.GridPixelSize:8]]
[2024.03.12-22.21.04:404][  0]LogConfig: Setting CVar [[r.VolumetricFog.GridSizeZ:128]]
[2024.03.12-22.21.04:404][  0]LogConfig: Setting CVar [[r.VolumetricFog.HistoryMissSupersampleCount:4]]
[2024.03.12-22.21.04:404][  0]LogConfig: Setting CVar [[r.LightMaxDrawDistanceScale:1]]
[2024.03.12-22.21.04:404][  0]LogConfig: Setting CVar [[r.CapsuleShadows:1]]
[2024.03.12-22.21.04:404][  0]LogConfig: Applying CVar settings from Section [PostProcessQuality@3] File [C:/Users/vamsi/Documents/Unreal Projects/Project1/Saved/Config/Windows/Scalability.ini]
[2024.03.12-22.21.04:405][  0]LogConfig: Setting CVar [[r.MotionBlurQuality:4]]
[2024.03.12-22.21.04:405][  0]LogConfig: Setting CVar [[r.AmbientOcclusionMipLevelFactor:0.4]]
[2024.03.12-22.21.04:405][  0]LogConfig: Setting CVar [[r.AmbientOcclusionMaxQuality:100]]
[2024.03.12-22.21.04:405][  0]LogConfig: Setting CVar [[r.AmbientOcclusionLevels:-1]]
[2024.03.12-22.21.04:405][  0]LogConfig: Setting CVar [[r.AmbientOcclusionRadiusScale:1.0]]
[2024.03.12-22.21.04:405][  0]LogConfig: Setting CVar [[r.DepthOfFieldQuality:2]]
[2024.03.12-22.21.04:405][  0]LogConfig: Setting CVar [[r.RenderTargetPoolMin:400]]
[2024.03.12-22.21.04:405][  0]LogConfig: Setting CVar [[r.LensFlareQuality:2]]
[2024.03.12-22.21.04:405][  0]LogConfig: Setting CVar [[r.SceneColorFringeQuality:1]]
[2024.03.12-22.21.04:405][  0]LogConfig: Setting CVar [[r.EyeAdaptationQuality:2]]
[2024.03.12-22.21.04:405][  0]LogConfig: Setting CVar [[r.BloomQuality:5]]
[2024.03.12-22.21.04:405][  0]LogConfig: Setting CVar [[r.FastBlurThreshold:100]]
[2024.03.12-22.21.04:405][  0]LogConfig: Setting CVar [[r.Upscale.Quality:3]]
[2024.03.12-22.21.04:405][  0]LogConfig: Setting CVar [[r.Tonemapper.GrainQuantization:1]]
[2024.03.12-22.21.04:405][  0]LogConfig: Setting CVar [[r.LightShaftQuality:1]]
[2024.03.12-22.21.04:405][  0]LogConfig: Setting CVar [[r.Filter.SizeScale:1]]
[2024.03.12-22.21.04:405][  0]LogConfig: Setting CVar [[r.Tonemapper.Quality:5]]
[2024.03.12-22.21.04:405][  0]LogConfig: Setting CVar [[r.DOF.Gather.AccumulatorQuality:1        ; higher gathering accumulator quality]]
[2024.03.12-22.21.04:405][  0]LogConfig: Setting CVar [[r.DOF.Gather.PostfilterMethod:1          ; Median3x3 postfilering method]]
[2024.03.12-22.21.04:405][  0]LogConfig: Setting CVar [[r.DOF.Gather.EnableBokehSettings:0       ; no bokeh simulation when gathering]]
[2024.03.12-22.21.04:405][  0]LogConfig: Setting CVar [[r.DOF.Gather.RingCount:4                 ; medium number of samples when gathering]]
[2024.03.12-22.21.04:405][  0]LogConfig: Setting CVar [[r.DOF.Scatter.ForegroundCompositing:1    ; additive foreground scattering]]
[2024.03.12-22.21.04:405][  0]LogConfig: Setting CVar [[r.DOF.Scatter.BackgroundCompositing:2    ; additive background scattering]]
[2024.03.12-22.21.04:405][  0]LogConfig: Setting CVar [[r.DOF.Scatter.EnableBokehSettings:1      ; bokeh simulation when scattering]]
[2024.03.12-22.21.04:405][  0]LogConfig: Setting CVar [[r.DOF.Scatter.MaxSpriteRatio:0.1         ; only a maximum of 10% of scattered bokeh]]
[2024.03.12-22.21.04:405][  0]LogConfig: Setting CVar [[r.DOF.Recombine.Quality:1                ; cheap slight out of focus]]
[2024.03.12-22.21.04:405][  0]LogConfig: Setting CVar [[r.DOF.Recombine.EnableBokehSettings:0    ; no bokeh simulation on slight out of focus]]
[2024.03.12-22.21.04:405][  0]LogConfig: Setting CVar [[r.DOF.TemporalAAQuality:1                ; more stable temporal accumulation]]
[2024.03.12-22.21.04:405][  0]LogConfig: Setting CVar [[r.DOF.Kernel.MaxForegroundRadius:0.025]]
[2024.03.12-22.21.04:405][  0]LogConfig: Setting CVar [[r.DOF.Kernel.MaxBackgroundRadius:0.025]]
[2024.03.12-22.21.04:405][  0]LogConfig: Applying CVar settings from Section [TextureQuality@3] File [C:/Users/vamsi/Documents/Unreal Projects/Project1/Saved/Config/Windows/Scalability.ini]
[2024.03.12-22.21.04:405][  0]LogConfig: Setting CVar [[r.Streaming.MipBias:0]]
[2024.03.12-22.21.04:405][  0]LogConfig: Setting CVar [[r.Streaming.AmortizeCPUToGPUCopy:0]]
[2024.03.12-22.21.04:405][  0]LogConfig: Setting CVar [[r.Streaming.MaxNumTexturesToStreamPerFrame:0]]
[2024.03.12-22.21.04:405][  0]LogConfig: Setting CVar [[r.Streaming.Boost:1]]
[2024.03.12-22.21.04:405][  0]LogConfig: Setting CVar [[r.MaxAnisotropy:8]]
[2024.03.12-22.21.04:405][  0]LogConfig: Setting CVar [[r.VT.MaxAnisotropy:8]]
[2024.03.12-22.21.04:405][  0]LogConfig: Setting CVar [[r.Streaming.LimitPoolSizeToVRAM:0]]
[2024.03.12-22.21.04:405][  0]LogConfig: Setting CVar [[r.Streaming.PoolSize:1000]]
[2024.03.12-22.21.04:405][  0]LogConfig: Setting CVar [[r.Streaming.MaxEffectiveScreenSize:0]]
[2024.03.12-22.21.04:405][  0]LogConfig: Applying CVar settings from Section [EffectsQuality@3] File [C:/Users/vamsi/Documents/Unreal Projects/Project1/Saved/Config/Windows/Scalability.ini]
[2024.03.12-22.21.04:405][  0]LogConfig: Setting CVar [[r.TranslucencyLightingVolumeDim:64]]
[2024.03.12-22.21.04:406][  0]LogConfig: Setting CVar [[r.RefractionQuality:2]]
[2024.03.12-22.21.04:406][  0]LogConfig: Setting CVar [[r.SSR.Quality:3]]
[2024.03.12-22.21.04:406][  0]LogConfig: Setting CVar [[r.SSR.HalfResSceneColor:0]]
[2024.03.12-22.21.04:406][  0]LogConfig: Setting CVar [[r.SceneColorFormat:4]]
[2024.03.12-22.21.04:406][  0]LogConfig: Setting CVar [[r.DetailMode:2]]
[2024.03.12-22.21.04:406][  0]LogConfig: Setting CVar [[r.TranslucencyVolumeBlur:1]]
[2024.03.12-22.21.04:406][  0]LogConfig: Setting CVar [[r.MaterialQualityLevel:1 ; High quality]]
[2024.03.12-22.21.04:406][  0]LogConfig: Setting CVar [[r.AnisotropicMaterials:1]]
[2024.03.12-22.21.04:406][  0]LogConfig: Setting CVar [[r.SSS.Scale:1]]
[2024.03.12-22.21.04:406][  0]LogConfig: Setting CVar [[r.SSS.SampleSet:2]]
[2024.03.12-22.21.04:406][  0]LogConfig: Setting CVar [[r.SSS.Quality:1]]
[2024.03.12-22.21.04:406][  0]LogConfig: Setting CVar [[r.SSS.HalfRes:0]]
[2024.03.12-22.21.04:406][  0]LogConfig: Setting CVar [[r.SSGI.Quality:3]]
[2024.03.12-22.21.04:406][  0]LogConfig: Setting CVar [[r.EmitterSpawnRateScale:1.0]]
[2024.03.12-22.21.04:406][  0]LogConfig: Setting CVar [[r.ParticleLightQuality:2]]
[2024.03.12-22.21.04:406][  0]LogConfig: Setting CVar [[r.SkyAtmosphere.AerialPerspectiveLUT.FastApplyOnOpaque:1 ; Always have FastSkyLUT 1 in this case to avoid wrong sky]]
[2024.03.12-22.21.04:406][  0]LogConfig: Setting CVar [[r.SkyAtmosphere.AerialPerspectiveLUT.SampleCountMaxPerSlice:4]]
[2024.03.12-22.21.04:406][  0]LogConfig: Setting CVar [[r.SkyAtmosphere.AerialPerspectiveLUT.DepthResolution:16.0]]
[2024.03.12-22.21.04:406][  0]LogConfig: Setting CVar [[r.SkyAtmosphere.FastSkyLUT:1]]
[2024.03.12-22.21.04:406][  0]LogConfig: Setting CVar [[r.SkyAtmosphere.FastSkyLUT.SampleCountMin:4.0]]
[2024.03.12-22.21.04:406][  0]LogConfig: Setting CVar [[r.SkyAtmosphere.FastSkyLUT.SampleCountMax:128.0]]
[2024.03.12-22.21.04:406][  0]LogConfig: Setting CVar [[r.SkyAtmosphere.SampleCountMin:4.0]]
[2024.03.12-22.21.04:406][  0]LogConfig: Setting CVar [[r.SkyAtmosphere.SampleCountMax:128.0]]
[2024.03.12-22.21.04:406][  0]LogConfig: Setting CVar [[r.SkyAtmosphere.TransmittanceLUT.UseSmallFormat:0]]
[2024.03.12-22.21.04:406][  0]LogConfig: Setting CVar [[r.SkyAtmosphere.TransmittanceLUT.SampleCount:10.0]]
[2024.03.12-22.21.04:406][  0]LogConfig: Setting CVar [[r.SkyAtmosphere.MultiScatteringLUT.SampleCount:15.0]]
[2024.03.12-22.21.04:406][  0]LogConfig: Setting CVar [[r.SkyLight.RealTimeReflectionCapture:1]]
[2024.03.12-22.21.04:406][  0]LogConfig: Applying CVar settings from Section [FoliageQuality@3] File [C:/Users/vamsi/Documents/Unreal Projects/Project1/Saved/Config/Windows/Scalability.ini]
[2024.03.12-22.21.04:406][  0]LogConfig: Setting CVar [[foliage.DensityScale:1.0]]
[2024.03.12-22.21.04:406][  0]LogConfig: Setting CVar [[grass.DensityScale:1.0]]
[2024.03.12-22.21.04:406][  0]LogConfig: Applying CVar settings from Section [ShadingQuality@3] File [C:/Users/vamsi/Documents/Unreal Projects/Project1/Saved/Config/Windows/Scalability.ini]
[2024.03.12-22.21.04:406][  0]LogConfig: Setting CVar [[r.HairStrands.SkyLighting.IntegrationType:2]]
[2024.03.12-22.21.04:406][  0]LogConfig: Setting CVar [[r.HairStrands.SkyAO.SampleCount:4]]
[2024.03.12-22.21.04:406][  0]LogConfig: Setting CVar [[r.HairStrands.Visibility.MSAA.SamplePerPixel:4]]
[2024.03.12-22.21.04:406][  0]LogInit: Selected Device Profile: [Windows]
[2024.03.12-22.21.04:407][  0]LogInit: Applying CVar settings loaded from the selected device profile: [Windows]
[2024.03.12-22.21.04:407][  0]LogHAL: Display: Platform has ~ 40 GB [42868490240 / 68719476736 / 40], which maps to Largest [LargestMinGB=32, LargerMinGB=12, DefaultMinGB=8, SmallerMinGB=6, SmallestMinGB=0)
[2024.03.12-22.21.04:407][  0]LogInit: Going up to parent DeviceProfile []
[2024.03.12-22.21.04:407][  0]LogConfig: Applying CVar settings from Section [ViewDistanceQuality@3] File [C:/Users/vamsi/Documents/Unreal Projects/Project1/Saved/Config/Windows/Scalability.ini]
[2024.03.12-22.21.04:407][  0]LogConfig: Setting CVar [[r.SkeletalMeshLODBias:0]]
[2024.03.12-22.21.04:407][  0]LogConfig: Setting CVar [[r.ViewDistanceScale:1.0]]
[2024.03.12-22.21.04:407][  0]LogConfig: Applying CVar settings from Section [AntiAliasingQuality@3] File [C:/Users/vamsi/Documents/Unreal Projects/Project1/Saved/Config/Windows/Scalability.ini]
[2024.03.12-22.21.04:407][  0]LogConfig: Setting CVar [[r.PostProcessAAQuality:4]]
[2024.03.12-22.21.04:407][  0]LogConfig: Applying CVar settings from Section [ShadowQuality@3] File [C:/Users/vamsi/Documents/Unreal Projects/Project1/Saved/Config/Windows/Scalability.ini]
[2024.03.12-22.21.04:407][  0]LogConfig: Setting CVar [[r.LightFunctionQuality:1]]
[2024.03.12-22.21.04:407][  0]LogConfig: Setting CVar [[r.ShadowQuality:5]]
[2024.03.12-22.21.04:407][  0]LogConfig: Setting CVar [[r.Shadow.CSM.MaxCascades:10]]
[2024.03.12-22.21.04:407][  0]LogConfig: Setting CVar [[r.Shadow.MaxResolution:2048]]
[2024.03.12-22.21.04:407][  0]LogConfig: Setting CVar [[r.Shadow.MaxCSMResolution:2048]]
[2024.03.12-22.21.04:407][  0]LogConfig: Setting CVar [[r.Shadow.RadiusThreshold:0.01]]
[2024.03.12-22.21.04:407][  0]LogConfig: Setting CVar [[r.Shadow.DistanceScale:1.0]]
[2024.03.12-22.21.04:407][  0]LogConfig: Setting CVar [[r.Shadow.CSM.TransitionScale:1.0]]
[2024.03.12-22.21.04:407][  0]LogConfig: Setting CVar [[r.Shadow.PreShadowResolutionFactor:1.0]]
[2024.03.12-22.21.04:407][  0]LogConfig: Setting CVar [[r.DistanceFieldShadowing:1]]
[2024.03.12-22.21.04:407][  0]LogConfig: Setting CVar [[r.DistanceFieldAO:1]]
[2024.03.12-22.21.04:407][  0]LogConfig: Setting CVar [[r.AOQuality:2]]
[2024.03.12-22.21.04:407][  0]LogConfig: Setting CVar [[r.VolumetricFog:1]]
[2024.03.12-22.21.04:407][  0]LogConfig: Setting CVar [[r.VolumetricFog.GridPixelSize:8]]
[2024.03.12-22.21.04:407][  0]LogConfig: Setting CVar [[r.VolumetricFog.GridSizeZ:128]]
[2024.03.12-22.21.04:407][  0]LogConfig: Setting CVar [[r.VolumetricFog.HistoryMissSupersampleCount:4]]
[2024.03.12-22.21.04:407][  0]LogConfig: Setting CVar [[r.LightMaxDrawDistanceScale:1]]
[2024.03.12-22.21.04:407][  0]LogConfig: Setting CVar [[r.CapsuleShadows:1]]
[2024.03.12-22.21.04:407][  0]LogConfig: Applying CVar settings from Section [PostProcessQuality@3] File [C:/Users/vamsi/Documents/Unreal Projects/Project1/Saved/Config/Windows/Scalability.ini]
[2024.03.12-22.21.04:407][  0]LogConfig: Setting CVar [[r.MotionBlurQuality:4]]
[2024.03.12-22.21.04:407][  0]LogConfig: Setting CVar [[r.AmbientOcclusionMipLevelFactor:0.4]]
[2024.03.12-22.21.04:407][  0]LogConfig: Setting CVar [[r.AmbientOcclusionMaxQuality:100]]
[2024.03.12-22.21.04:407][  0]LogConfig: Setting CVar [[r.AmbientOcclusionLevels:-1]]
[2024.03.12-22.21.04:407][  0]LogConfig: Setting CVar [[r.AmbientOcclusionRadiusScale:1.0]]
[2024.03.12-22.21.04:407][  0]LogConfig: Setting CVar [[r.DepthOfFieldQuality:2]]
[2024.03.12-22.21.04:407][  0]LogConfig: Setting CVar [[r.RenderTargetPoolMin:400]]
[2024.03.12-22.21.04:407][  0]LogConfig: Setting CVar [[r.LensFlareQuality:2]]
[2024.03.12-22.21.04:408][  0]LogConfig: Setting CVar [[r.SceneColorFringeQuality:1]]
[2024.03.12-22.21.04:408][  0]LogConfig: Setting CVar [[r.EyeAdaptationQuality:2]]
[2024.03.12-22.21.04:408][  0]LogConfig: Setting CVar [[r.BloomQuality:5]]
[2024.03.12-22.21.04:408][  0]LogConfig: Setting CVar [[r.FastBlurThreshold:100]]
[2024.03.12-22.21.04:408][  0]LogConfig: Setting CVar [[r.Upscale.Quality:3]]
[2024.03.12-22.21.04:408][  0]LogConfig: Setting CVar [[r.Tonemapper.GrainQuantization:1]]
[2024.03.12-22.21.04:408][  0]LogConfig: Setting CVar [[r.LightShaftQuality:1]]
[2024.03.12-22.21.04:408][  0]LogConfig: Setting CVar [[r.Filter.SizeScale:1]]
[2024.03.12-22.21.04:408][  0]LogConfig: Setting CVar [[r.Tonemapper.Quality:5]]
[2024.03.12-22.21.04:408][  0]LogConfig: Setting CVar [[r.DOF.Gather.AccumulatorQuality:1        ; higher gathering accumulator quality]]
[2024.03.12-22.21.04:408][  0]LogConfig: Setting CVar [[r.DOF.Gather.PostfilterMethod:1          ; Median3x3 postfilering method]]
[2024.03.12-22.21.04:408][  0]LogConfig: Setting CVar [[r.DOF.Gather.EnableBokehSettings:0       ; no bokeh simulation when gathering]]
[2024.03.12-22.21.04:408][  0]LogConfig: Setting CVar [[r.DOF.Gather.RingCount:4                 ; medium number of samples when gathering]]
[2024.03.12-22.21.04:408][  0]LogConfig: Setting CVar [[r.DOF.Scatter.ForegroundCompositing:1    ; additive foreground scattering]]
[2024.03.12-22.21.04:408][  0]LogConfig: Setting CVar [[r.DOF.Scatter.BackgroundCompositing:2    ; additive background scattering]]
[2024.03.12-22.21.04:408][  0]LogConfig: Setting CVar [[r.DOF.Scatter.EnableBokehSettings:1      ; bokeh simulation when scattering]]
[2024.03.12-22.21.04:408][  0]LogConfig: Setting CVar [[r.DOF.Scatter.MaxSpriteRatio:0.1         ; only a maximum of 10% of scattered bokeh]]
[2024.03.12-22.21.04:408][  0]LogConfig: Setting CVar [[r.DOF.Recombine.Quality:1                ; cheap slight out of focus]]
[2024.03.12-22.21.04:408][  0]LogConfig: Setting CVar [[r.DOF.Recombine.EnableBokehSettings:0    ; no bokeh simulation on slight out of focus]]
[2024.03.12-22.21.04:408][  0]LogConfig: Setting CVar [[r.DOF.TemporalAAQuality:1                ; more stable temporal accumulation]]
[2024.03.12-22.21.04:408][  0]LogConfig: Setting CVar [[r.DOF.Kernel.MaxForegroundRadius:0.025]]
[2024.03.12-22.21.04:408][  0]LogConfig: Setting CVar [[r.DOF.Kernel.MaxBackgroundRadius:0.025]]
[2024.03.12-22.21.04:408][  0]LogConfig: Applying CVar settings from Section [TextureQuality@3] File [C:/Users/vamsi/Documents/Unreal Projects/Project1/Saved/Config/Windows/Scalability.ini]
[2024.03.12-22.21.04:408][  0]LogConfig: Setting CVar [[r.Streaming.MipBias:0]]
[2024.03.12-22.21.04:408][  0]LogConfig: Setting CVar [[r.Streaming.AmortizeCPUToGPUCopy:0]]
[2024.03.12-22.21.04:408][  0]LogConfig: Setting CVar [[r.Streaming.MaxNumTexturesToStreamPerFrame:0]]
[2024.03.12-22.21.04:409][  0]LogConfig: Setting CVar [[r.Streaming.Boost:1]]
[2024.03.12-22.21.04:409][  0]LogConfig: Setting CVar [[r.MaxAnisotropy:8]]
[2024.03.12-22.21.04:409][  0]LogConfig: Setting CVar [[r.VT.MaxAnisotropy:8]]
[2024.03.12-22.21.04:409][  0]LogConfig: Setting CVar [[r.Streaming.LimitPoolSizeToVRAM:0]]
[2024.03.12-22.21.04:409][  0]LogConfig: Setting CVar [[r.Streaming.PoolSize:1000]]
[2024.03.12-22.21.04:409][  0]LogConfig: Setting CVar [[r.Streaming.MaxEffectiveScreenSize:0]]
[2024.03.12-22.21.04:409][  0]LogConfig: Applying CVar settings from Section [EffectsQuality@3] File [C:/Users/vamsi/Documents/Unreal Projects/Project1/Saved/Config/Windows/Scalability.ini]
[2024.03.12-22.21.04:409][  0]LogConfig: Setting CVar [[r.TranslucencyLightingVolumeDim:64]]
[2024.03.12-22.21.04:409][  0]LogConfig: Setting CVar [[r.RefractionQuality:2]]
[2024.03.12-22.21.04:409][  0]LogConfig: Setting CVar [[r.SSR.Quality:3]]
[2024.03.12-22.21.04:409][  0]LogConfig: Setting CVar [[r.SSR.HalfResSceneColor:0]]
[2024.03.12-22.21.04:409][  0]LogConfig: Setting CVar [[r.SceneColorFormat:4]]
[2024.03.12-22.21.04:409][  0]LogConfig: Setting CVar [[r.DetailMode:2]]
[2024.03.12-22.21.04:409][  0]LogConfig: Setting CVar [[r.TranslucencyVolumeBlur:1]]
[2024.03.12-22.21.04:409][  0]LogConfig: Setting CVar [[r.MaterialQualityLevel:1 ; High quality]]
[2024.03.12-22.21.04:409][  0]LogConfig: Setting CVar [[r.AnisotropicMaterials:1]]
[2024.03.12-22.21.04:409][  0]LogConfig: Setting CVar [[r.SSS.Scale:1]]
[2024.03.12-22.21.04:409][  0]LogConfig: Setting CVar [[r.SSS.SampleSet:2]]
[2024.03.12-22.21.04:409][  0]LogConfig: Setting CVar [[r.SSS.Quality:1]]
[2024.03.12-22.21.04:409][  0]LogConfig: Setting CVar [[r.SSS.HalfRes:0]]
[2024.03.12-22.21.04:409][  0]LogConfig: Setting CVar [[r.SSGI.Quality:3]]
[2024.03.12-22.21.04:409][  0]LogConfig: Setting CVar [[r.EmitterSpawnRateScale:1.0]]
[2024.03.12-22.21.04:409][  0]LogConfig: Setting CVar [[r.ParticleLightQuality:2]]
[2024.03.12-22.21.04:409][  0]LogConfig: Setting CVar [[r.SkyAtmosphere.AerialPerspectiveLUT.FastApplyOnOpaque:1 ; Always have FastSkyLUT 1 in this case to avoid wrong sky]]
[2024.03.12-22.21.04:409][  0]LogConfig: Setting CVar [[r.SkyAtmosphere.AerialPerspectiveLUT.SampleCountMaxPerSlice:4]]
[2024.03.12-22.21.04:409][  0]LogConfig: Setting CVar [[r.SkyAtmosphere.AerialPerspectiveLUT.DepthResolution:16.0]]
[2024.03.12-22.21.04:409][  0]LogConfig: Setting CVar [[r.SkyAtmosphere.FastSkyLUT:1]]
[2024.03.12-22.21.04:409][  0]LogConfig: Setting CVar [[r.SkyAtmosphere.FastSkyLUT.SampleCountMin:4.0]]
[2024.03.12-22.21.04:409][  0]LogConfig: Setting CVar [[r.SkyAtmosphere.FastSkyLUT.SampleCountMax:128.0]]
[2024.03.12-22.21.04:409][  0]LogConfig: Setting CVar [[r.SkyAtmosphere.SampleCountMin:4.0]]
[2024.03.12-22.21.04:409][  0]LogConfig: Setting CVar [[r.SkyAtmosphere.SampleCountMax:128.0]]
[2024.03.12-22.21.04:409][  0]LogConfig: Setting CVar [[r.SkyAtmosphere.TransmittanceLUT.UseSmallFormat:0]]
[2024.03.12-22.21.04:409][  0]LogConfig: Setting CVar [[r.SkyAtmosphere.TransmittanceLUT.SampleCount:10.0]]
[2024.03.12-22.21.04:409][  0]LogConfig: Setting CVar [[r.SkyAtmosphere.MultiScatteringLUT.SampleCount:15.0]]
[2024.03.12-22.21.04:409][  0]LogConfig: Setting CVar [[r.SkyLight.RealTimeReflectionCapture:1]]
[2024.03.12-22.21.04:409][  0]LogConfig: Applying CVar settings from Section [FoliageQuality@3] File [C:/Users/vamsi/Documents/Unreal Projects/Project1/Saved/Config/Windows/Scalability.ini]
[2024.03.12-22.21.04:410][  0]LogConfig: Setting CVar [[foliage.DensityScale:1.0]]
[2024.03.12-22.21.04:410][  0]LogConfig: Setting CVar [[grass.DensityScale:1.0]]
[2024.03.12-22.21.04:410][  0]LogConfig: Applying CVar settings from Section [ShadingQuality@3] File [C:/Users/vamsi/Documents/Unreal Projects/Project1/Saved/Config/Windows/Scalability.ini]
[2024.03.12-22.21.04:410][  0]LogConfig: Setting CVar [[r.HairStrands.SkyLighting.IntegrationType:2]]
[2024.03.12-22.21.04:410][  0]LogConfig: Setting CVar [[r.HairStrands.SkyAO.SampleCount:4]]
[2024.03.12-22.21.04:410][  0]LogConfig: Setting CVar [[r.HairStrands.Visibility.MSAA.SamplePerPixel:4]]
[2024.03.12-22.21.04:410][  0]LogConfig: Applying CVar settings from Section [Startup] File [../../../Engine/Config/ConsoleVariables.ini]
[2024.03.12-22.21.04:411][  0]LogConfig: Setting CVar [[net.UseAdaptiveNetUpdateFrequency:0]]
[2024.03.12-22.21.04:411][  0]LogConfig: Setting CVar [[p.chaos.AllowCreatePhysxBodies:1]]
[2024.03.12-22.21.04:411][  0]LogConfig: Setting CVar [[fx.SkipVectorVMBackendOptimizations:1]]
[2024.03.12-22.21.04:411][  0]LogConfig: Applying CVar settings from Section [ConsoleVariables] File [C:/Users/vamsi/Documents/Unreal Projects/Project1/Saved/Config/Windows/Engine.ini]
[2024.03.12-22.21.04:411][  0]LogConfig: Applying CVar settings from Section [ConsoleVariables] File [C:/Users/vamsi/Documents/Unreal Projects/Project1/Saved/Config/Windows/Editor.ini]
[2024.03.12-22.21.04:411][  0]LogInit: Computer: DESKTOP-RGS7L32
[2024.03.12-22.21.04:411][  0]LogInit: User: vamsi
[2024.03.12-22.21.04:411][  0]LogInit: CPU Page size=4096, Cores=4
[2024.03.12-22.21.04:411][  0]LogInit: High frequency timer resolution =10.000000 MHz
[2024.03.12-22.21.04:411][  0]LogMemory: Memory total: Physical=39.9GB (40GB approx)
[2024.03.12-22.21.04:411][  0]LogMemory: Platform Memory Stats for Windows
[2024.03.12-22.21.04:411][  0]LogMemory: Process Physical Memory: 147.27 MB used, 151.34 MB peak
[2024.03.12-22.21.04:411][  0]LogMemory: Process Virtual Memory: 117.34 MB used, 117.34 MB peak
[2024.03.12-22.21.04:411][  0]LogMemory: Physical Memory: 19176.00 MB used,  21706.58 MB free, 40882.58 MB total
[2024.03.12-22.21.04:411][  0]LogMemory: Virtual Memory: 134180232.00 MB used,  37498.73 MB free, 134217728.00 MB total
[2024.03.12-22.21.04:418][  0]LogWindows: WindowsPlatformFeatures enabled
[2024.03.12-22.21.04:504][  0]LogInit: Physics initialised using underlying interface: PhysX
[2024.03.12-22.21.04:505][  0]LogInit: Using OS detected language (en-US).
[2024.03.12-22.21.04:505][  0]LogInit: Using OS detected locale (en-MY).
[2024.03.12-22.21.04:515][  0]LogTextLocalizationManager: No specific localization for 'en-US' exists, so the 'en' localization will be used.
[2024.03.12-22.21.05:489][  0]LogInit: Setting process to per monitor DPI aware
[2024.03.12-22.21.05:531][  0]LogWindowsTextInputMethodSystem: Display: IME system deactivated.
[2024.03.12-22.21.05:549][  0]LogSlate: New Slate User Created.  User Index 0, Is Virtual User: 0
[2024.03.12-22.21.05:549][  0]LogSlate: Slate User Registered.  User Index 0, Is Virtual User: 0
[2024.03.12-22.21.06:393][  0]LogD3D11RHI: Loaded GFSDK_Aftermath_Lib.x64.dll
[2024.03.12-22.21.06:397][  0]LogHMD: Failed to initialize OpenVR with code 110
[2024.03.12-22.21.06:397][  0]LogD3D11RHI: D3D11 min allowed feature level: 11_0
[2024.03.12-22.21.06:397][  0]LogD3D11RHI: D3D11 max allowed feature level: 11_0
[2024.03.12-22.21.06:397][  0]LogD3D11RHI: D3D11 adapters:
[2024.03.12-22.21.07:132][  0]LogD3D11RHI:    0. 'NVIDIA GeForce RTX 3060' (Feature Level 11_0)
[2024.03.12-22.21.07:132][  0]LogD3D11RHI:       12129/0/20441 MB DedicatedVideo/DedicatedSystem/SharedSystem, Outputs:1, VendorId:0x10de
[2024.03.12-22.21.07:137][  0]LogD3D11RHI:    1. 'Microsoft Basic Render Driver' (Feature Level 11_0)
[2024.03.12-22.21.07:137][  0]LogD3D11RHI:       0/0/20441 MB DedicatedVideo/DedicatedSystem/SharedSystem, Outputs:0, VendorId:0x1414
[2024.03.12-22.21.07:137][  0]LogD3D11RHI: Chosen D3D11 Adapter:
[2024.03.12-22.21.07:137][  0]LogD3D11RHI:     Description : NVIDIA GeForce RTX 3060
[2024.03.12-22.21.07:137][  0]LogD3D11RHI:     VendorId    : 10de
[2024.03.12-22.21.07:137][  0]LogD3D11RHI:     DeviceId    : 2504
[2024.03.12-22.21.07:137][  0]LogD3D11RHI:     SubSysId    : 15017377
[2024.03.12-22.21.07:137][  0]LogD3D11RHI:     Revision    : 00a1
[2024.03.12-22.21.07:137][  0]LogD3D11RHI:     DedicatedVideoMemory : 12718178304 bytes
[2024.03.12-22.21.07:137][  0]LogD3D11RHI:     DedicatedSystemMemory : 0 bytes
[2024.03.12-22.21.07:137][  0]LogD3D11RHI:     SharedSystemMemory : 21434245120 bytes
[2024.03.12-22.21.07:137][  0]LogD3D11RHI:     AdapterLuid : 0 43633
[2024.03.12-22.21.07:157][  0]LogD3D11RHI: Creating new Direct3DDevice
[2024.03.12-22.21.07:157][  0]LogD3D11RHI:     GPU DeviceId: 0x2504 (for the marketing name, search the web for "GPU Device Id")
[2024.03.12-22.21.07:157][  0]LogWindows: EnumDisplayDevices:
[2024.03.12-22.21.07:157][  0]LogWindows:    0. 'NVIDIA GeForce RTX 3060' (P:1 D:1)
[2024.03.12-22.21.07:157][  0]LogWindows:    1. 'NVIDIA GeForce RTX 3060' (P:0 D:0)
[2024.03.12-22.21.07:158][  0]LogWindows:    2. 'NVIDIA GeForce RTX 3060' (P:0 D:0)
[2024.03.12-22.21.07:158][  0]LogWindows:    3. 'NVIDIA GeForce RTX 3060' (P:0 D:0)
[2024.03.12-22.21.07:159][  0]LogWindows: DebugString: FoundDriverCount:4 
[2024.03.12-22.21.07:159][  0]LogD3D11RHI:     Adapter Name: NVIDIA GeForce RTX 3060
[2024.03.12-22.21.07:159][  0]LogD3D11RHI:   Driver Version: 536.23 (internal:31.0.15.3623, unified:536.23)
[2024.03.12-22.21.07:159][  0]LogD3D11RHI:      Driver Date: 6-8-2023
[2024.03.12-22.21.07:159][  0]LogRHI: Texture pool is 8490 MB (70% of 12129 MB)
[2024.03.12-22.21.07:159][  0]LogD3D11RHI: Creating D3DDevice using adapter:
[2024.03.12-22.21.07:159][  0]LogD3D11RHI:     Description : NVIDIA GeForce RTX 3060
[2024.03.12-22.21.07:159][  0]LogD3D11RHI:     VendorId    : 10de
[2024.03.12-22.21.07:159][  0]LogD3D11RHI:     DeviceId    : 2504
[2024.03.12-22.21.07:159][  0]LogD3D11RHI:     SubSysId    : 15017377
[2024.03.12-22.21.07:159][  0]LogD3D11RHI:     Revision    : 00a1
[2024.03.12-22.21.07:159][  0]LogD3D11RHI:     DedicatedVideoMemory : 12718178304 bytes
[2024.03.12-22.21.07:159][  0]LogD3D11RHI:     DedicatedSystemMemory : 0 bytes
[2024.03.12-22.21.07:159][  0]LogD3D11RHI:     SharedSystemMemory : 21434245120 bytes
[2024.03.12-22.21.07:159][  0]LogD3D11RHI:     AdapterLuid : 0 43633
[2024.03.12-22.21.07:545][  0]LogD3D11RHI: RHI has support for 64 bit atomics
[2024.03.12-22.21.07:545][  0]LogD3D11RHI: Async texture creation enabled
[2024.03.12-22.21.07:545][  0]LogD3D11RHI: Array index from any shader is supported
[2024.03.12-22.21.07:548][  0]LogD3D11RHI: HDR output is supported on display 0 (NvId: 0x80061082).
[2024.03.12-22.21.07:757][  0]LogD3D11RHI: GPU Timing Frequency: 1000.000000 (Debug: 2 1)
[2024.03.12-22.21.08:242][  0]LogRHI: GeForceNow SDK initialized: 1
[2024.03.12-22.21.12:764][  0]LogTargetPlatformManager: Display: Loaded TargetPlatform 'AllDesktop'
[2024.03.12-22.21.12:856][  0]LogTargetPlatformManager: Display: Loaded TargetPlatform 'Android'
[2024.03.12-22.21.12:856][  0]LogTargetPlatformManager: Display: Loaded TargetPlatform 'Android_ASTC'
[2024.03.12-22.21.12:856][  0]LogTargetPlatformManager: Display: Loaded TargetPlatform 'Android_DXT'
[2024.03.12-22.21.12:856][  0]LogTargetPlatformManager: Display: Loaded TargetPlatform 'Android_ETC2'
[2024.03.12-22.21.12:857][  0]LogTargetPlatformManager: Display: Loaded TargetPlatform 'AndroidClient'
[2024.03.12-22.21.12:857][  0]LogTargetPlatformManager: Display: Loaded TargetPlatform 'Android_ASTCClient'
[2024.03.12-22.21.12:857][  0]LogTargetPlatformManager: Display: Loaded TargetPlatform 'Android_DXTClient'
[2024.03.12-22.21.12:857][  0]LogTargetPlatformManager: Display: Loaded TargetPlatform 'Android_ETC2Client'
[2024.03.12-22.21.12:857][  0]LogTargetPlatformManager: Display: Loaded TargetPlatform 'Android_Multi'
[2024.03.12-22.21.12:857][  0]LogTargetPlatformManager: Display: Loaded TargetPlatform 'Android_MultiClient'
[2024.03.12-22.21.12:897][  0]LogTargetPlatformManager: Display: Loaded TargetPlatform 'IOSClient'
[2024.03.12-22.21.12:897][  0]LogTargetPlatformManager: Display: Loaded TargetPlatform 'IOS'
[2024.03.12-22.21.12:971][  0]LogTargetPlatformManager: Display: Loaded TargetPlatform 'Linux'
[2024.03.12-22.21.13:010][  0]LogTargetPlatformManager: Display: Loaded TargetPlatform 'LinuxNoEditor'
[2024.03.12-22.21.13:018][  0]LogTargetPlatformManager: Display: Loaded TargetPlatform 'LinuxClient'
[2024.03.12-22.21.13:028][  0]LogTargetPlatformManager: Display: Loaded TargetPlatform 'LinuxServer'
[2024.03.12-22.21.13:063][  0]LogTargetPlatformManager: Display: Loaded TargetPlatform 'LinuxAArch64NoEditor'
[2024.03.12-22.21.13:071][  0]LogTargetPlatformManager: Display: Loaded TargetPlatform 'LinuxAArch64Client'
[2024.03.12-22.21.13:080][  0]LogTargetPlatformManager: Display: Loaded TargetPlatform 'LinuxAArch64Server'
[2024.03.12-22.21.13:277][  0]LogTargetPlatformManager: Display: Loaded TargetPlatform 'Lumin'
[2024.03.12-22.21.13:277][  0]LogTargetPlatformManager: Display: Loaded TargetPlatform 'LuminClient'
[2024.03.12-22.21.13:291][  0]LogTargetPlatformManager: Display: Loaded TargetPlatform 'MacNoEditor'
[2024.03.12-22.21.13:298][  0]LogTargetPlatformManager: Display: Loaded TargetPlatform 'Mac'
[2024.03.12-22.21.13:304][  0]LogTargetPlatformManager: Display: Loaded TargetPlatform 'MacClient'
[2024.03.12-22.21.13:311][  0]LogTargetPlatformManager: Display: Loaded TargetPlatform 'MacServer'
[2024.03.12-22.21.13:333][  0]LogTargetPlatformManager: Display: Loaded TargetPlatform 'TVOSClient'
[2024.03.12-22.21.13:333][  0]LogTargetPlatformManager: Display: Loaded TargetPlatform 'TVOS'
[2024.03.12-22.21.13:372][  0]LogTargetPlatformManager: Display: Loaded TargetPlatform 'WindowsNoEditor'
[2024.03.12-22.21.13:387][  0]LogTargetPlatformManager: Display: Loaded TargetPlatform 'Windows'
[2024.03.12-22.21.13:394][  0]LogTargetPlatformManager: Display: Loaded TargetPlatform 'WindowsClient'
[2024.03.12-22.21.13:402][  0]LogTargetPlatformManager: Display: Loaded TargetPlatform 'WindowsServer'
[2024.03.12-22.21.13:402][  0]LogTargetPlatformManager: Display: Building Assets For Windows
[2024.03.12-22.21.13:413][  0]LogAudioDebug: Display: Lib vorbis DLL was dynamically loaded.
[2024.03.12-22.21.13:493][  0]LogTextureFormatOodle: Display: Oodle Texture 2.9.0 init RDO Off
[2024.03.12-22.21.13:540][  0]LogRendererCore: Ray tracing is disabled. Reason: r.RayTracing=0.
[2024.03.12-22.21.13:540][  0]LogShaderCompilers: Guid format shader working directory is -19 characters bigger than the processId version (../../../../../../Users/vamsi/Documents/Unreal Projects/Project1/Intermediate/Shaders/WorkingDirectory/50800/).
[2024.03.12-22.21.13:541][  0]LogShaderCompilers: Cleaned the shader compiler working directory 'C:/Users/vamsi/AppData/Local/Temp/UnrealShaderWorkingDir/A0FD845740CA975F7C6765BC9F10FF1E/'.
[2024.03.12-22.21.13:541][  0]LogXGEController: Cannot use XGE Controller as Incredibuild is not installed on this machine.
[2024.03.12-22.21.13:541][  0]LogShaderCompilers: Cannot use XGE Shader Compiler as Incredibuild is not installed on this machine.
[2024.03.12-22.21.13:542][  0]LogShaderCompilers: Display: Using Local Shader Compiler.
[2024.03.12-22.21.16:401][  0]LogDerivedDataCache: Display: Max Cache Size: 512 MB
[2024.03.12-22.21.16:653][  0]LogDerivedDataCache: Loaded boot cache 0.25s 94MB C:/Users/vamsi/AppData/Local/UnrealEngine/4.27/DerivedDataCache/Boot.ddc.
[2024.03.12-22.21.16:653][  0]LogDerivedDataCache: Display: Loaded Boot cache: C:/Users/vamsi/AppData/Local/UnrealEngine/4.27/DerivedDataCache/Boot.ddc
[2024.03.12-22.21.16:654][  0]LogDerivedDataCache: FDerivedDataBackendGraph:  Pak pak cache file ../../../../../../Users/vamsi/Documents/Unreal Projects/Project1/DerivedDataCache/DDC.ddp not found, will not use a pak cache.
[2024.03.12-22.21.16:654][  0]LogDerivedDataCache: Unable to find inner node Pak for hierarchical cache Hierarchy.
[2024.03.12-22.21.16:654][  0]LogDerivedDataCache: FDerivedDataBackendGraph:  CompressedPak pak cache file ../../../../../../Users/vamsi/Documents/Unreal Projects/Project1/DerivedDataCache/Compressed.ddp not found, will not use a pak cache.
[2024.03.12-22.21.16:654][  0]LogDerivedDataCache: Unable to find inner node CompressedPak for hierarchical cache Hierarchy.
[2024.03.12-22.21.16:716][  0]LogDerivedDataCache: Display: Pak cache opened for reading ../../../Engine/DerivedDataCache/Compressed.ddp.
[2024.03.12-22.21.16:716][  0]LogDerivedDataCache: FDerivedDataBackendGraph:  EnterprisePak pak cache file ../../../Enterprise/DerivedDataCache/Compressed.ddp not found, will not use a pak cache.
[2024.03.12-22.21.16:716][  0]LogDerivedDataCache: Unable to find inner node EnterprisePak for hierarchical cache Hierarchy.
[2024.03.12-22.21.16:752][  0]LogDerivedDataCache: Speed tests for C:/Users/vamsi/AppData/Local/UnrealEngine/Common/DerivedDataCache took 0.04 seconds
[2024.03.12-22.21.16:752][  0]LogDerivedDataCache: Display: Performance to C:/Users/vamsi/AppData/Local/UnrealEngine/Common/DerivedDataCache: Latency=0.46ms. RandomReadSpeed=465.01MBs, RandomWriteSpeed=32.89MBs. Assigned SpeedClass 'Local'
[2024.03.12-22.21.16:753][  0]LogDerivedDataCache: Using Local data cache path C:/Users/vamsi/AppData/Local/UnrealEngine/Common/DerivedDataCache: Writable
[2024.03.12-22.21.16:753][  0]LogDerivedDataCache: Shared data cache path not found in *engine.ini, will not use an Shared cache.
[2024.03.12-22.21.16:753][  0]LogDerivedDataCache: Unable to find inner node Shared for hierarchical cache Hierarchy.
[2024.03.12-22.21.16:991][  0]LogSlate: Using FreeType 2.10.0
[2024.03.12-22.21.16:991][  0]LogSlate: SlateFontServices - WITH_FREETYPE: 1, WITH_HARFBUZZ: 1
[2024.03.12-22.21.17:110][  0]LogAssetRegistry: FAssetRegistry took 0.0105 seconds to start up
[2024.03.12-22.21.18:273][  0]LogInit: Selected Device Profile: [Windows]
[2024.03.12-22.21.18:273][  0]LogInit: Active device profile: [000001547D770700][000001547429DA40 49] Windows
[2024.03.12-22.21.18:273][  0]LogInit: Profiles: [000001547D770700][000001547429DA40 49] Windows, [000001547D72F700][00000154758BDBC0 49] WindowsNoEditor, [000001547D773300][0000015475C6C1C0 49] WindowsServer, [000001547D72CF00][0000015475C70340 49] WindowsClient, [000001547D773500][0000015475C744C0 49] IOS, [000001547D71BF00][0000015475C78640 49] iPadAir, [000001547D72FB00][0000015475C7C7C0 49] iPadAir2, [000001547D6E0500][0000015475C84A80 49] IPadPro, [000001547D6E0600][0000015475C80AC0 49] iPadAir3, [000001547D718100][00000154758B8C00 49] iPadAir4, [000001547D6E2C00][0000015475C88D40 49] iPadMini2, [000001547D71A500][0000015475C8CE80 49] iPadMini3, [000001547D6E3400][0000015475C94FC0 49] iPadMini4, [000001547D718F00][0000015475CA1140 49] iPadMini5, [000001547D627E00][000001547DAD3400 49] iPhone6, [000001547D627F00][0000015475CA5440 49] iPodTouch6, [000001547D773900][000001547DB07700 49] iPhone7, [000001547D772100][000001547DB03740 49] iPodTouch7, [000001547D624400][000001547DB0B8C0 49] iPhone5S, [000001547D6E3D00][000001547DB0FA40 49] iPhone6Plus, [000001547D773400][000001547DB13BC0 49] iPhone6S, [000001547D6E2000][000001547DB161C0 49] iPhone6SPlus, [000001547D770900][000001547DB1A340 49] iPhone7Plus, [000001547D6E0E00][000001547DB1E4C0 49] iPhoneSE, [000001547D770200][000001547DB22640 49] iPhone8, [000001547D6E2400][000001547DB267C0 49] iPhone8Plus, [000001547D771E00][000001547DB2A940 49] iPhoneX, [000001547D6E3E00][000001547DB2EAC0 49] iPhoneXS, [000001547D771600][000001547DB32C40 49] iPhoneXSMax, [000001547D6E2500][0000015475C9CD80 49] iPhoneXR, [000001547D772A00][000001547DB36EC0 49] iPhone11, [000001547D6E3A00][000001547DB3B000 49] iPhone11Pro, [000001547D770F00][000001547DB3F140 49] iPhone11ProMax, [000001547D6E2300][000001547DB472C0 49] iPhoneSE2, [000001547D772700][000001547DB4B440 49] iPhone12Mini, [000001547D6E0700][000001547DB4F5C0 49] iPhone12, [000001547D773100][000001547DB53740 49] iPhone12Pro, [000001547D6E3500][000001547DB578C0 49] iPhone12ProMax, [000001547D770800][000001547DB5BA40 49] iPadPro105, [000001547D6E1C00][000001547DB5FBC0 49] iPadPro129, [000001547D770300][000001547DB621C0 49] iPadPro97, [000001547D6E1D00][000001547DB66340 49] iPadPro2_129, [000001547D770C00][000001547DB6A4C0 49] iPad5, [000001547D6E3000][000001547DB6E640 49] iPad6, [000001547D772C00][000001547DB727C0 49] iPad7, [000001547D6E2E00][000001547DB76940 49] iPad8, [000001547D771800][000001547DB7AAC0 49] iPadPro11, [000001547D6E1B00][000001547DB7EC40 49] iPadPro2_11, [000001547D771500][000001547DB82DC0 49] iPadPro3_129, [000001547D6E2700][000001547DB86F40 49] iPadPro4_129, [000001547D770100][000001547DB43080 49] AppleTV, [000001547D6E2B00][000001547DB8B1C0 49] AppleTV4K, [000001547D771B00][000001547DB8F300 49] TVOS, [000001547D6E0900][000001547DB97480 49] Mac, [000001547D771700][000001547DB9B600 49] MacClient, [000001547D6E2F00][000001547DB9F780 49] MacNoEditor, [000001547D770D00][000001547DBA3900 49] MacServer, [000001547D6E0300][000001547DBA7A80 49] Linux, [000001547D772E00][000001547DBABC00 49] LinuxAArch64, [000001547D6E1500][000001547DBAE200 49] LinuxNoEditor, [000001547D772400][000001547DBB2380 49] LinuxAArch64NoEditor, [000001547D6E0200][000001547DBB6500 49] LinuxClient, [000001547D772D00][000001547DBBA680 49] LinuxAArch64Client, [000001547D6E0C00][000001547DBBE800 49] LinuxServer, [000001547D770400][000001547DBC2980 49] LinuxAArch64Server, [000001547D6E1000][000001547DBC6B00 49] Android, [000001547D71B900][000001547DBCAC80 49] Android_Low, [000001547D625B00][000001547DBCEE00 49] Android_Mid, [000001547D71B000][000001547DBD2F80 49] Android_High, [000001547D626300][000001547DBD7100 49] Android_Default, [000001547D71A000][000001547DB93240 49] Android_Adreno4xx, [000001547D624100][000001547DBDF380 49] Android_Adreno5xx_Low, [000001547D718B00][000001547DBE34C0 49] Android_Adreno5xx, [000001547D625800][000001547DBF3640 49] Android_Adreno6xx, [000001547D719100][000001547DC097C0 49] Android_Adreno6xx_Vulkan, [000001547D624800][000001547DC0D940 49] Android_Mali_T6xx, [000001547D71B600][000001547DC11AC0 49] Android_Mali_T7xx, [000001547D624D00][000001547DC140C0 49] Android_Mali_T8xx, [000001547D71BC00][000001547DC18240 49] Android_Mali_G71, [000001547D625500][000001547DC1C3C0 49] Android_Mali_G72, [000001547D71BE00][000001547DC20540 49] Android_Mali_G72_Vulkan, [000001547D627D00][000001547DC246C0 49] Android_Mali_G76, [000001547D71BA00][000001547DC28840 49] Android_Mali_G76_Vulkan, [000001547D627600][000001547DC2C9C0 49] Android_Mali_G77, [000001547D71A200][000001547DC30B40 49] Android_Mali_G77_Vulkan, [000001547D625200][000001547DC34CC0 49] Android_Mali_G78, [000001547D718A00][000001547DC42E40 49] Android_Mali_G78_Vulkan, [000001547D627000][000001547DC5EFC0 49] Android_Mali_G710, [000001547D719400][000001547DC63140 49] Android_Mali_G710_Vulkan, [000001547D624700][000001547DC672C0 49] Android_Vulkan_SM5, [000001547D719800][000001547DBEF400 49] Android_PowerVR_G6xxx, [000001547D624E00][000001547DC6B540 49] Android_PowerVR_GT7xxx, [000001547D718200][000001547DC6F680 49] Android_PowerVR_GE8xxx, [000001547D624600][000001547DC737C0 49] Android_PowerVR_GM9xxx, [000001547D71A600][000001547DC7B940 49] Android_PowerVR_GM9xxx_Vulkan, [000001547D6E0F00][000001547DC91AC0 49] Android_TegraK1, [000001547D71AA00][000001547DC940C0 49] Android_Unknown_Vulkan, [000001547D6E0D00][000001547DC98240 49] Lumin, [000001547D719200][000001547DC9C3C0 49] Lumin_Desktop, [000001547D6E0B00][000001547DCA0540 49] HoloLens, 
[2024.03.12-22.21.18:778][  0]LogMeshReduction: Using QuadricMeshReduction for automatic static mesh reduction
[2024.03.12-22.21.18:778][  0]LogMeshReduction: Using SimplygonMeshReduction for automatic skeletal mesh reduction
[2024.03.12-22.21.18:778][  0]LogMeshReduction: Using ProxyLODMeshReduction for automatic mesh merging
[2024.03.12-22.21.18:778][  0]LogMeshReduction: No distributed automatic mesh merging module available
[2024.03.12-22.21.18:778][  0]LogMeshMerging: No distributed automatic mesh merging module available
[2024.03.12-22.21.18:883][  0]LogNetVersion: Project1 1.0.0, NetCL: 17155196, EngineNetVer: 17, GameNetVer: 0 (Checksum: 1299263979)
[2024.03.12-22.21.20:614][  0]LogTexture: Default maximum texture size for cubemaps generated from long-lat sources has been changed from 512 to unlimited. In order to preserve old behaiour for '/Engine/MapTemplates/Sky/DaylightAmbientCubemap.DaylightAmbientCubemap', its maximum texture size has been explicitly set to 512.
[2024.03.12-22.21.20:753][  0]LogHMD: PokeAHoleMaterial loaded successfully
[2024.03.12-22.21.20:762][  0]LogUObjectArray: 17178 objects as part of root set at end of initial load.
[2024.03.12-22.21.20:763][  0]LogUObjectAllocator: 4302048 out of 0 bytes used by permanent object pool.
[2024.03.12-22.21.20:763][  0]LogUObjectArray: CloseDisregardForGC: 0/0 objects in disregard for GC pool
[2024.03.12-22.21.21:554][  0]LogPython: Using Python 3.7.7
[2024.03.12-22.21.23:922][  0]LogNiagaraDebuggerClient: Niagara Debugger Client Initialized | Session: 95D1CDA44C7445A8EF53CA8159D55E0B | Instance: DF48FEB2461DF20E7DEB23BE38BDFB90 (DESKTOP-RGS7L32-50800).
[2024.03.12-22.21.24:400][  0]LogTcpMessaging: Initializing TcpMessaging bridge
[2024.03.12-22.21.24:428][  0]LogUdpMessaging: Initializing bridge on interface 0.0.0.0:0 to multicast group 230.0.0.1:6666.
[2024.03.12-22.21.24:625][  0]LogLinker: Warning: Failed to load '/Game/2DSideScrollerBP/2DSideScrollerOverview': Can't find file.
[2024.03.12-22.21.24:625][  0]LogLinker: Warning: Failed to load '/Game/2DSideScrollerBP/2DSideScrollerOverview': Can't find file.
[2024.03.12-22.21.24:625][  0]LogUObjectGlobals: Warning: Failed to find object 'Class /Game/2DSideScrollerBP/2DSideScrollerOverview.2DSideScrollerOverview_C'
[2024.03.12-22.21.24:971][  0]SourceControl: Source control is disabled
[2024.03.12-22.21.24:971][  0]SourceControl: Source control is disabled
[2024.03.12-22.21.24:977][  0]SourceControl: Source control is disabled
[2024.03.12-22.21.24:982][  0]SourceControl: Source control is disabled
[2024.03.12-22.21.24:997][  0]SourceControl: Source control is disabled
[2024.03.12-22.21.25:006][  0]LogUProjectInfo: Found projects:
[2024.03.12-22.21.25:528][  0]LogOpenImageDenoise: OIDN starting up
[2024.03.12-22.21.25:639][  0]LogAndroidPermission: UAndroidPermissionCallbackProxy::GetInstance
[2024.03.12-22.21.25:673][  0]LogAudioCaptureCore: Display: No Audio Capture implementations found. Audio input will be silent.
[2024.03.12-22.21.25:673][  0]LogAudioCaptureCore: Display: No Audio Capture implementations found. Audio input will be silent.
[2024.03.12-22.21.26:107][  0]LogCollectionManager: Loaded 0 collections in 0.002857 seconds
[2024.03.12-22.21.26:197][  0]LogFileCache: Scanning file cache for directory 'C:/Users/vamsi/Documents/Unreal Projects/Project1/Saved/Collections/' took 0.00s
[2024.03.12-22.21.26:197][  0]LogFileCache: Scanning file cache for directory 'C:/Users/vamsi/Documents/Unreal Projects/Project1/Content/Developers/vamsi/Collections/' took 0.00s
[2024.03.12-22.21.26:197][  0]LogFileCache: Scanning file cache for directory 'C:/Users/vamsi/Documents/Unreal Projects/Project1/Content/Collections/' took 0.00s
[2024.03.12-22.21.26:197][  0]LogOcInput: OculusInput pre-init called
[2024.03.12-22.21.27:425][  0]LogEngine: Initializing Engine...
[2024.03.12-22.21.27:430][  0]LogHMD: Failed to enumerate extensions. Please check that you have a valid OpenXR runtime installed.
[2024.03.12-22.21.27:431][  0]LogHMD: Failed to initialize OpenVR with code 110
[2024.03.12-22.21.27:431][  0]LogMagicLeap: Warning: VR disabled because ZI is not enabled.  To enable, in the editor, Edit -> Project Settings -> Plugins -> Magic Leap Plugin -> Enable Zero Iteration
[2024.03.12-22.21.27:432][  0]LogStats: UGameplayTagsManager::InitializeManager -  0.000 s
[2024.03.12-22.21.27:968][  0]LogInit: Initializing FReadOnlyCVARCache
[2024.03.12-22.21.27:981][  0]LogAIModule: Creating AISystem for world Untitled
[2024.03.12-22.21.27:982][  0]LogAudio: Display: Initializing Audio Device Manager...
[2024.03.12-22.21.27:987][  0]LogAudio: Display: Loading Default Audio Settings Objects...
[2024.03.12-22.21.27:987][  0]LogAudio: Display: No default SoundConcurrencyObject specified (or failed to load).
[2024.03.12-22.21.27:988][  0]LogAudio: Display: Audio Device Manager Initialized
[2024.03.12-22.21.27:988][  0]LogAudio: Display: Creating Audio Device:                 Id: 1, Scope: Shared, Realtime: True
[2024.03.12-22.21.27:988][  0]LogAudioMixer: Display: Audio Mixer Platform Settings:
[2024.03.12-22.21.27:988][  0]LogAudioMixer: Display: 	Sample Rate:						  48000
[2024.03.12-22.21.27:988][  0]LogAudioMixer: Display: 	Callback Buffer Frame Size Requested: 1024
[2024.03.12-22.21.27:988][  0]LogAudioMixer: Display: 	Callback Buffer Frame Size To Use:	  1024
[2024.03.12-22.21.27:988][  0]LogAudioMixer: Display: 	Number of buffers to queue:			  2
[2024.03.12-22.21.27:988][  0]LogAudioMixer: Display: 	Max Channels (voices):				  32
[2024.03.12-22.21.27:988][  0]LogAudioMixer: Display: 	Number of Async Source Workers:		  0
[2024.03.12-22.21.27:988][  0]LogAudio: Display: AudioDevice MaxSources: 32
[2024.03.12-22.21.27:989][  0]LogAudio: Display: Audio Spatialization Plugin: None (built-in).
[2024.03.12-22.21.27:989][  0]LogAudio: Display: Audio Reverb Plugin: None (built-in).
[2024.03.12-22.21.27:989][  0]LogAudio: Display: Audio Occlusion Plugin: None (built-in).
[2024.03.12-22.21.27:989][  0]LogAudioMixer: Display: Initializing audio mixer.
[2024.03.12-22.21.28:088][  0]LogAudioMixer: Display: 0: FrontLeft
[2024.03.12-22.21.28:088][  0]LogAudioMixer: Display: 1: FrontRight
[2024.03.12-22.21.28:420][  0]LogAudioMixer: Display: Using Audio Device Speakers (Focusrite USB Audio)
[2024.03.12-22.21.28:421][  0]LogAudioMixer: Display: Initializing Sound Submixes...
[2024.03.12-22.21.28:425][  0]LogAudioMixer: Display: Creating Master Submix 'MasterSubmixDefault'
[2024.03.12-22.21.28:425][  0]LogAudioMixer: Display: Creating Master Submix 'MasterReverbSubmixDefault'
[2024.03.12-22.21.28:427][  0]LogAudioMixer: Display: Creating Master Submix 'MasterEQSubmixDefault'
[2024.03.12-22.21.28:427][  0]LogAudioMixer: FMixerPlatformXAudio2::StartAudioStream() called
[2024.03.12-22.21.28:427][  0]LogAudioMixer: Display: Output buffers initialized: Frames=1024, Channels=2, Samples=2048
[2024.03.12-22.21.28:437][  0]LogInit: FAudioDevice initialized.
[2024.03.12-22.21.28:437][  0]LogAudio: Display: Audio Device (ID: 1) registered with world 'Untitled'.
[2024.03.12-22.21.28:437][  0]LogAudioMixer: Display: Starting AudioMixerPlatformInterface::RunInternal()
[2024.03.12-22.21.28:437][  0]LogAudioMixer: Display: FMixerPlatformXAudio2::SubmitBuffer() called for the first time
[2024.03.12-22.21.28:438][  0]LogNetVersion: Set ProjectVersion to 1.0.0.0. Version Checksum will be recalculated on next use.
[2024.03.12-22.21.28:592][  0]LogDerivedDataCache: Saved boot cache 0.15s 94MB C:/Users/vamsi/AppData/Local/UnrealEngine/4.27/DerivedDataCache/Boot.ddc.
[2024.03.12-22.21.28:592][  0]LogInit: Texture streaming: Enabled
[2024.03.12-22.21.28:617][  0]LogAnalytics: Display: [UEEditor.Rocket.Release] APIServer = https://datarouter.ol.epicgames.com/. AppVersion = 4.27.2-18319896+++UE4+Release-4.27
[2024.03.12-22.21.28:626][  0]LogEngineSessionManager: EngineSessionManager initialized
[2024.03.12-22.21.28:626][  0]LogEditorSessionSummary: Verbose: Initializing EditorSessionSummaryWriter for editor session tracking
[2024.03.12-22.21.28:684][  0]LogEditorSessionSummary: EditorSessionSummaryWriter initialized
[2024.03.12-22.21.28:963][  0]LogInit: Transaction tracking system initialized
[2024.03.12-22.21.28:996][  0]BlueprintLog: New page: Editor Load
[2024.03.12-22.21.29:149][  0]LocalizationService: Localization service is disabled
[2024.03.12-22.21.29:192][  0]TimingProfiler: Initialize
[2024.03.12-22.21.29:192][  0]TimingProfiler: OnSessionChanged
[2024.03.12-22.21.29:192][  0]LoadingProfiler: Initialize
[2024.03.12-22.21.29:192][  0]LoadingProfiler: OnSessionChanged
[2024.03.12-22.21.29:192][  0]NetworkingProfiler: Initialize
[2024.03.12-22.21.29:192][  0]NetworkingProfiler: OnSessionChanged
[2024.03.12-22.21.29:192][  0]MemoryProfiler: Initialize
[2024.03.12-22.21.29:192][  0]MemoryProfiler: OnSessionChanged
[2024.03.12-22.21.30:110][  0]LogCook: Display: CookSettings for Memory: MemoryMaxUsedVirtual 0MiB, MemoryMaxUsedPhysical 16384MiB, MemoryMinFreeVirtual 0MiB, MemoryMinFreePhysical 1024MiB
[2024.03.12-22.21.30:111][  0]LogCook: Display: Mobile HDR setting 0
[2024.03.12-22.21.30:560][  0]LogFileCache: Scanning file cache for directory 'C:/Users/vamsi/Documents/Unreal Projects/Project1/Content/' took 0.03s
[2024.03.12-22.21.31:703][  0]LogInit: Display: Engine is initialized. Leaving FEngineLoop::Init()
[2024.03.12-22.21.31:740][  0]SourceControl: Source control is disabled
[2024.03.12-22.21.31:740][  0]LogUnrealEdMisc: Loading editor; pre map load, took 35.576
[2024.03.12-22.21.31:740][  0]Cmd: MAP LOAD FILE="../../../../../../Users/vamsi/Documents/Unreal Projects/Project1/Content/Levels/MainMenuLevel.umap" TEMPLATE=0 SHOWPROGRESS=1 FEATURELEVEL=3
[2024.03.12-22.21.31:753][  0]LightingResults: New page: Lighting Build
[2024.03.12-22.21.31:755][  0]LogWorld: UWorld::CleanupWorld for Untitled, bSessionEnded=true, bCleanupResources=true
[2024.03.12-22.21.31:755][  0]LogSlate: InvalidateAllWidgets triggered.  All widgets were invalidated
[2024.03.12-22.21.31:756][  0]MapCheck: New page: Map Check
[2024.03.12-22.21.31:756][  0]LightingResults: New page: Lighting Build
[2024.03.12-22.21.31:977][  0]LogAudio: Display: Audio Device unregistered from world 'None'.
[2024.03.12-22.21.33:183][  0]LogUObjectHash: Compacting FUObjectHashTables data took   1.24ms
[2024.03.12-22.21.34:024][  0]LogAudio: Display: Audio Device (ID: 1) registered with world 'MainMenuLevel'.
[2024.03.12-22.21.34:025][  0]LogAIModule: Creating AISystem for world MainMenuLevel
[2024.03.12-22.21.34:026][  0]LogEditorServer: Finished looking for orphan Actors (0.000 secs)
[2024.03.12-22.21.34:165][  0]LogUObjectHash: Compacting FUObjectHashTables data took   1.28ms
[2024.03.12-22.21.34:166][  0]Cmd: MAP CHECKDEP NOCLEARLOG
[2024.03.12-22.21.34:166][  0]MapCheck: Map check complete: 0 Error(s), 0 Warning(s), took 0.462ms to complete.
[2024.03.12-22.21.34:166][  0]LogFileHelpers: Loading map 'MainMenuLevel' took 2.426
[2024.03.12-22.21.34:178][  0]LogUnrealEdMisc: Total Editor Startup Time, took 38.014
[2024.03.12-22.21.34:519][  0]LogSlate: Updating window title bar state: overlay mode, drag disabled, window buttons hidden, title bar hidden
[2024.03.12-22.21.34:530][  0]LogSlate: Updating window title bar state: overlay mode, drag disabled, window buttons hidden, title bar hidden
[2024.03.12-22.21.34:542][  0]LogSlate: Updating window title bar state: overlay mode, drag disabled, window buttons hidden, title bar hidden
[2024.03.12-22.21.34:575][  0]LogSlate: Updating window title bar state: overlay mode, drag disabled, window buttons hidden, title bar hidden
[2024.03.12-22.21.34:643][  0]LogNativeClassHierarchy: Verbose: Native class hierarchy populated in 0.0365 seconds. Added 3822 classes and 928 folders.
[2024.03.12-22.21.34:660][  0]LogNativeClassHierarchy: Verbose: Native class hierarchy updated for 'WidgetCarousel' in 0.0003 seconds. Added 0 classes and 0 folders.
[2024.03.12-22.21.34:664][  0]LogPakFile: PakFile PrimaryIndexSize=187
[2024.03.12-22.21.34:664][  0]LogPakFile: PakFile PathHashIndexSize=101
[2024.03.12-22.21.34:664][  0]LogPakFile: PakFile FullDirectoryIndexSize=148
[2024.03.12-22.21.34:664][  0]LogShaderLibrary: Display: ShaderCodeLibraryPakFileMountedCallback: PakFile 'C:/Program Files/Epic Games/UE_4.27/FeaturePacks/FP_FirstPerson.upack' (chunk index -1, root 'root:/') mounted
[2024.03.12-22.21.34:664][  0]LogShaderLibrary: Display: ShaderCodeLibraryPakFileMountedCallback: pending pak file info (ChunkID:-1 Root:root:/ File:C:/Program Files/Epic Games/UE_4.27/FeaturePacks/FP_FirstPerson.upack)
[2024.03.12-22.21.34:664][  0]LogPakFile: OnPakFileMounted2Time == 0.000087
[2024.03.12-22.21.34:665][  0]LogPakFile: PakFile PrimaryIndexSize=189
[2024.03.12-22.21.34:665][  0]LogPakFile: PakFile PathHashIndexSize=101
[2024.03.12-22.21.34:665][  0]LogPakFile: PakFile FullDirectoryIndexSize=152
[2024.03.12-22.21.34:665][  0]LogShaderLibrary: Display: ShaderCodeLibraryPakFileMountedCallback: PakFile 'C:/Program Files/Epic Games/UE_4.27/FeaturePacks/FP_FirstPersonBP.upack' (chunk index -1, root 'root:/') mounted
[2024.03.12-22.21.34:665][  0]LogShaderLibrary: Display: ShaderCodeLibraryPakFileMountedCallback: pending pak file info (ChunkID:-1 Root:root:/ File:C:/Program Files/Epic Games/UE_4.27/FeaturePacks/FP_FirstPersonBP.upack)
[2024.03.12-22.21.34:665][  0]LogPakFile: OnPakFileMounted2Time == 0.000537
[2024.03.12-22.21.34:666][  0]LogPakFile: PakFile PrimaryIndexSize=191
[2024.03.12-22.21.34:666][  0]LogPakFile: PakFile PathHashIndexSize=101
[2024.03.12-22.21.34:666][  0]LogPakFile: PakFile FullDirectoryIndexSize=160
[2024.03.12-22.21.34:667][  0]LogShaderLibrary: Display: ShaderCodeLibraryPakFileMountedCallback: PakFile 'C:/Program Files/Epic Games/UE_4.27/FeaturePacks/MobileStarterContent.upack' (chunk index -1, root 'root:/') mounted
[2024.03.12-22.21.34:667][  0]LogShaderLibrary: Display: ShaderCodeLibraryPakFileMountedCallback: pending pak file info (ChunkID:-1 Root:root:/ File:C:/Program Files/Epic Games/UE_4.27/FeaturePacks/MobileStarterContent.upack)
[2024.03.12-22.21.34:667][  0]LogPakFile: OnPakFileMounted2Time == 0.000065
[2024.03.12-22.21.34:667][  0]LogPakFile: PakFile PrimaryIndexSize=185
[2024.03.12-22.21.34:668][  0]LogPakFile: PakFile PathHashIndexSize=101
[2024.03.12-22.21.34:668][  0]LogPakFile: PakFile FullDirectoryIndexSize=148
[2024.03.12-22.21.34:668][  0]LogShaderLibrary: Display: ShaderCodeLibraryPakFileMountedCallback: PakFile 'C:/Program Files/Epic Games/UE_4.27/FeaturePacks/StarterContent.upack' (chunk index -1, root 'root:/') mounted
[2024.03.12-22.21.34:668][  0]LogShaderLibrary: Display: ShaderCodeLibraryPakFileMountedCallback: pending pak file info (ChunkID:-1 Root:root:/ File:C:/Program Files/Epic Games/UE_4.27/FeaturePacks/StarterContent.upack)
[2024.03.12-22.21.34:668][  0]LogPakFile: OnPakFileMounted2Time == 0.000065
[2024.03.12-22.21.34:673][  0]LogPakFile: PakFile PrimaryIndexSize=190
[2024.03.12-22.21.34:673][  0]LogPakFile: PakFile PathHashIndexSize=101
[2024.03.12-22.21.34:673][  0]LogPakFile: PakFile FullDirectoryIndexSize=154
[2024.03.12-22.21.34:673][  0]LogShaderLibrary: Display: ShaderCodeLibraryPakFileMountedCallback: PakFile 'C:/Program Files/Epic Games/UE_4.27/FeaturePacks/TP_2DSideScroller.upack' (chunk index -1, root 'root:/') mounted
[2024.03.12-22.21.34:673][  0]LogShaderLibrary: Display: ShaderCodeLibraryPakFileMountedCallback: pending pak file info (ChunkID:-1 Root:root:/ File:C:/Program Files/Epic Games/UE_4.27/FeaturePacks/TP_2DSideScroller.upack)
[2024.03.12-22.21.34:673][  0]LogPakFile: OnPakFileMounted2Time == 0.000067
[2024.03.12-22.21.34:674][  0]LogPakFile: PakFile PrimaryIndexSize=192
[2024.03.12-22.21.34:674][  0]LogPakFile: PakFile PathHashIndexSize=101
[2024.03.12-22.21.34:674][  0]LogPakFile: PakFile FullDirectoryIndexSize=158
[2024.03.12-22.21.34:674][  0]LogShaderLibrary: Display: ShaderCodeLibraryPakFileMountedCallback: PakFile 'C:/Program Files/Epic Games/UE_4.27/FeaturePacks/TP_2DSideScrollerBP.upack' (chunk index -1, root 'root:/') mounted
[2024.03.12-22.21.34:674][  0]LogShaderLibrary: Display: ShaderCodeLibraryPakFileMountedCallback: pending pak file info (ChunkID:-1 Root:root:/ File:C:/Program Files/Epic Games/UE_4.27/FeaturePacks/TP_2DSideScrollerBP.upack)
[2024.03.12-22.21.34:674][  0]LogPakFile: OnPakFileMounted2Time == 0.000061
[2024.03.12-22.21.34:675][  0]LogPakFile: PakFile PrimaryIndexSize=182
[2024.03.12-22.21.34:676][  0]LogPakFile: PakFile PathHashIndexSize=101
[2024.03.12-22.21.34:676][  0]LogPakFile: PakFile FullDirectoryIndexSize=138
[2024.03.12-22.21.34:676][  0]LogShaderLibrary: Display: ShaderCodeLibraryPakFileMountedCallback: PakFile 'C:/Program Files/Epic Games/UE_4.27/FeaturePacks/TP_Flying.upack' (chunk index -1, root 'root:/') mounted
[2024.03.12-22.21.34:676][  0]LogShaderLibrary: Display: ShaderCodeLibraryPakFileMountedCallback: pending pak file info (ChunkID:-1 Root:root:/ File:C:/Program Files/Epic Games/UE_4.27/FeaturePacks/TP_Flying.upack)
[2024.03.12-22.21.34:676][  0]LogPakFile: OnPakFileMounted2Time == 0.000065
[2024.03.12-22.21.34:677][  0]LogPakFile: PakFile PrimaryIndexSize=184
[2024.03.12-22.21.34:677][  0]LogPakFile: PakFile PathHashIndexSize=101
[2024.03.12-22.21.34:677][  0]LogPakFile: PakFile FullDirectoryIndexSize=142
[2024.03.12-22.21.34:677][  0]LogShaderLibrary: Display: ShaderCodeLibraryPakFileMountedCallback: PakFile 'C:/Program Files/Epic Games/UE_4.27/FeaturePacks/TP_FlyingBP.upack' (chunk index -1, root 'root:/') mounted
[2024.03.12-22.21.34:677][  0]LogShaderLibrary: Display: ShaderCodeLibraryPakFileMountedCallback: pending pak file info (ChunkID:-1 Root:root:/ File:C:/Program Files/Epic Games/UE_4.27/FeaturePacks/TP_FlyingBP.upack)
[2024.03.12-22.21.34:677][  0]LogPakFile: OnPakFileMounted2Time == 0.000075
[2024.03.12-22.21.34:678][  0]LogPakFile: PakFile PrimaryIndexSize=188
[2024.03.12-22.21.34:678][  0]LogPakFile: PakFile PathHashIndexSize=101
[2024.03.12-22.21.34:678][  0]LogPakFile: PakFile FullDirectoryIndexSize=150
[2024.03.12-22.21.34:678][  0]LogShaderLibrary: Display: ShaderCodeLibraryPakFileMountedCallback: PakFile 'C:/Program Files/Epic Games/UE_4.27/FeaturePacks/TP_HandheldARBP.upack' (chunk index -1, root 'root:/') mounted
[2024.03.12-22.21.34:678][  0]LogShaderLibrary: Display: ShaderCodeLibraryPakFileMountedCallback: pending pak file info (ChunkID:-1 Root:root:/ File:C:/Program Files/Epic Games/UE_4.27/FeaturePacks/TP_HandheldARBP.upack)
[2024.03.12-22.21.34:678][  0]LogPakFile: OnPakFileMounted2Time == 0.000063
[2024.03.12-22.21.34:679][  0]LogPakFile: PakFile PrimaryIndexSize=182
[2024.03.12-22.21.34:679][  0]LogPakFile: PakFile PathHashIndexSize=101
[2024.03.12-22.21.34:679][  0]LogPakFile: PakFile FullDirectoryIndexSize=138
[2024.03.12-22.21.34:679][  0]LogShaderLibrary: Display: ShaderCodeLibraryPakFileMountedCallback: PakFile 'C:/Program Files/Epic Games/UE_4.27/FeaturePacks/TP_Puzzle.upack' (chunk index -1, root 'root:/') mounted
[2024.03.12-22.21.34:679][  0]LogShaderLibrary: Display: ShaderCodeLibraryPakFileMountedCallback: pending pak file info (ChunkID:-1 Root:root:/ File:C:/Program Files/Epic Games/UE_4.27/FeaturePacks/TP_Puzzle.upack)
[2024.03.12-22.21.34:679][  0]LogPakFile: OnPakFileMounted2Time == 0.000064
[2024.03.12-22.21.34:680][  0]LogPakFile: PakFile PrimaryIndexSize=184
[2024.03.12-22.21.34:680][  0]LogPakFile: PakFile PathHashIndexSize=101
[2024.03.12-22.21.34:680][  0]LogPakFile: PakFile FullDirectoryIndexSize=142
[2024.03.12-22.21.34:680][  0]LogShaderLibrary: Display: ShaderCodeLibraryPakFileMountedCallback: PakFile 'C:/Program Files/Epic Games/UE_4.27/FeaturePacks/TP_PuzzleBP.upack' (chunk index -1, root 'root:/') mounted
[2024.03.12-22.21.34:681][  0]LogShaderLibrary: Display: ShaderCodeLibraryPakFileMountedCallback: pending pak file info (ChunkID:-1 Root:root:/ File:C:/Program Files/Epic Games/UE_4.27/FeaturePacks/TP_PuzzleBP.upack)
[2024.03.12-22.21.34:681][  0]LogPakFile: OnPakFileMounted2Time == 0.000187
[2024.03.12-22.21.34:682][  0]LogPakFile: PakFile PrimaryIndexSize=183
[2024.03.12-22.21.34:682][  0]LogPakFile: PakFile PathHashIndexSize=101
[2024.03.12-22.21.34:682][  0]LogPakFile: PakFile FullDirectoryIndexSize=140
[2024.03.12-22.21.34:682][  0]LogShaderLibrary: Display: ShaderCodeLibraryPakFileMountedCallback: PakFile 'C:/Program Files/Epic Games/UE_4.27/FeaturePacks/TP_Rolling.upack' (chunk index -1, root 'root:/') mounted
[2024.03.12-22.21.34:682][  0]LogShaderLibrary: Display: ShaderCodeLibraryPakFileMountedCallback: pending pak file info (ChunkID:-1 Root:root:/ File:C:/Program Files/Epic Games/UE_4.27/FeaturePacks/TP_Rolling.upack)
[2024.03.12-22.21.34:682][  0]LogPakFile: OnPakFileMounted2Time == 0.000105
[2024.03.12-22.21.34:683][  0]LogPakFile: PakFile PrimaryIndexSize=185
[2024.03.12-22.21.34:683][  0]LogPakFile: PakFile PathHashIndexSize=101
[2024.03.12-22.21.34:684][  0]LogPakFile: PakFile FullDirectoryIndexSize=144
[2024.03.12-22.21.34:684][  0]LogShaderLibrary: Display: ShaderCodeLibraryPakFileMountedCallback: PakFile 'C:/Program Files/Epic Games/UE_4.27/FeaturePacks/TP_RollingBP.upack' (chunk index -1, root 'root:/') mounted
[2024.03.12-22.21.34:684][  0]LogShaderLibrary: Display: ShaderCodeLibraryPakFileMountedCallback: pending pak file info (ChunkID:-1 Root:root:/ File:C:/Program Files/Epic Games/UE_4.27/FeaturePacks/TP_RollingBP.upack)
[2024.03.12-22.21.34:684][  0]LogPakFile: OnPakFileMounted2Time == 0.000087
[2024.03.12-22.21.34:693][  0]LogPakFile: PakFile PrimaryIndexSize=188
[2024.03.12-22.21.34:693][  0]LogPakFile: PakFile PathHashIndexSize=101
[2024.03.12-22.21.34:693][  0]LogPakFile: PakFile FullDirectoryIndexSize=150
[2024.03.12-22.21.34:693][  0]LogShaderLibrary: Display: ShaderCodeLibraryPakFileMountedCallback: PakFile 'C:/Program Files/Epic Games/UE_4.27/FeaturePacks/TP_SideScroller.upack' (chunk index -1, root 'root:/') mounted
[2024.03.12-22.21.34:693][  0]LogShaderLibrary: Display: ShaderCodeLibraryPakFileMountedCallback: pending pak file info (ChunkID:-1 Root:root:/ File:C:/Program Files/Epic Games/UE_4.27/FeaturePacks/TP_SideScroller.upack)
[2024.03.12-22.21.34:693][  0]LogPakFile: OnPakFileMounted2Time == 0.000071
[2024.03.12-22.21.34:705][  0]LogPakFile: PakFile PrimaryIndexSize=190
[2024.03.12-22.21.34:705][  0]LogPakFile: PakFile PathHashIndexSize=101
[2024.03.12-22.21.34:705][  0]LogPakFile: PakFile FullDirectoryIndexSize=154
[2024.03.12-22.21.34:705][  0]LogShaderLibrary: Display: ShaderCodeLibraryPakFileMountedCallback: PakFile 'C:/Program Files/Epic Games/UE_4.27/FeaturePacks/TP_SideScrollerBP.upack' (chunk index -1, root 'root:/') mounted
[2024.03.12-22.21.34:705][  0]LogShaderLibrary: Display: ShaderCodeLibraryPakFileMountedCallback: pending pak file info (ChunkID:-1 Root:root:/ File:C:/Program Files/Epic Games/UE_4.27/FeaturePacks/TP_SideScrollerBP.upack)
[2024.03.12-22.21.34:705][  0]LogPakFile: OnPakFileMounted2Time == 0.000074
[2024.03.12-22.21.34:706][  0]LogPakFile: PakFile PrimaryIndexSize=187
[2024.03.12-22.21.34:706][  0]LogPakFile: PakFile PathHashIndexSize=101
[2024.03.12-22.21.34:706][  0]LogPakFile: PakFile FullDirectoryIndexSize=148
[2024.03.12-22.21.34:706][  0]LogShaderLibrary: Display: ShaderCodeLibraryPakFileMountedCallback: PakFile 'C:/Program Files/Epic Games/UE_4.27/FeaturePacks/TP_ThirdPerson.upack' (chunk index -1, root 'root:/') mounted
[2024.03.12-22.21.34:707][  0]LogShaderLibrary: Display: ShaderCodeLibraryPakFileMountedCallback: pending pak file info (ChunkID:-1 Root:root:/ File:C:/Program Files/Epic Games/UE_4.27/FeaturePacks/TP_ThirdPerson.upack)
[2024.03.12-22.21.34:707][  0]LogPakFile: OnPakFileMounted2Time == 0.000071
[2024.03.12-22.21.34:707][  0]LogPakFile: PakFile PrimaryIndexSize=189
[2024.03.12-22.21.34:707][  0]LogPakFile: PakFile PathHashIndexSize=101
[2024.03.12-22.21.34:708][  0]LogPakFile: PakFile FullDirectoryIndexSize=152
[2024.03.12-22.21.34:708][  0]LogShaderLibrary: Display: ShaderCodeLibraryPakFileMountedCallback: PakFile 'C:/Program Files/Epic Games/UE_4.27/FeaturePacks/TP_ThirdPersonBP.upack' (chunk index -1, root 'root:/') mounted
[2024.03.12-22.21.34:708][  0]LogShaderLibrary: Display: ShaderCodeLibraryPakFileMountedCallback: pending pak file info (ChunkID:-1 Root:root:/ File:C:/Program Files/Epic Games/UE_4.27/FeaturePacks/TP_ThirdPersonBP.upack)
[2024.03.12-22.21.34:708][  0]LogPakFile: OnPakFileMounted2Time == 0.000064
[2024.03.12-22.21.34:709][  0]LogPakFile: PakFile PrimaryIndexSize=183
[2024.03.12-22.21.34:709][  0]LogPakFile: PakFile PathHashIndexSize=101
[2024.03.12-22.21.34:709][  0]LogPakFile: PakFile FullDirectoryIndexSize=140
[2024.03.12-22.21.34:709][  0]LogShaderLibrary: Display: ShaderCodeLibraryPakFileMountedCallback: PakFile 'C:/Program Files/Epic Games/UE_4.27/FeaturePacks/TP_TopDown.upack' (chunk index -1, root 'root:/') mounted
[2024.03.12-22.21.34:709][  0]LogShaderLibrary: Display: ShaderCodeLibraryPakFileMountedCallback: pending pak file info (ChunkID:-1 Root:root:/ File:C:/Program Files/Epic Games/UE_4.27/FeaturePacks/TP_TopDown.upack)
[2024.03.12-22.21.34:709][  0]LogPakFile: OnPakFileMounted2Time == 0.000071
[2024.03.12-22.21.34:710][  0]LogPakFile: PakFile PrimaryIndexSize=185
[2024.03.12-22.21.34:710][  0]LogPakFile: PakFile PathHashIndexSize=101
[2024.03.12-22.21.34:710][  0]LogPakFile: PakFile FullDirectoryIndexSize=144
[2024.03.12-22.21.34:710][  0]LogShaderLibrary: Display: ShaderCodeLibraryPakFileMountedCallback: PakFile 'C:/Program Files/Epic Games/UE_4.27/FeaturePacks/TP_TopDownBP.upack' (chunk index -1, root 'root:/') mounted
[2024.03.12-22.21.34:710][  0]LogShaderLibrary: Display: ShaderCodeLibraryPakFileMountedCallback: pending pak file info (ChunkID:-1 Root:root:/ File:C:/Program Files/Epic Games/UE_4.27/FeaturePacks/TP_TopDownBP.upack)
[2024.03.12-22.21.34:710][  0]LogPakFile: OnPakFileMounted2Time == 0.000064
[2024.03.12-22.21.34:711][  0]LogPakFile: PakFile PrimaryIndexSize=185
[2024.03.12-22.21.34:711][  0]LogPakFile: PakFile PathHashIndexSize=101
[2024.03.12-22.21.34:711][  0]LogPakFile: PakFile FullDirectoryIndexSize=144
[2024.03.12-22.21.34:711][  0]LogShaderLibrary: Display: ShaderCodeLibraryPakFileMountedCallback: PakFile 'C:/Program Files/Epic Games/UE_4.27/FeaturePacks/TP_TwinStick.upack' (chunk index -1, root 'root:/') mounted
[2024.03.12-22.21.34:711][  0]LogShaderLibrary: Display: ShaderCodeLibraryPakFileMountedCallback: pending pak file info (ChunkID:-1 Root:root:/ File:C:/Program Files/Epic Games/UE_4.27/FeaturePacks/TP_TwinStick.upack)
[2024.03.12-22.21.34:711][  0]LogPakFile: OnPakFileMounted2Time == 0.000078
[2024.03.12-22.21.34:713][  0]LogPakFile: PakFile PrimaryIndexSize=187
[2024.03.12-22.21.34:713][  0]LogPakFile: PakFile PathHashIndexSize=101
[2024.03.12-22.21.34:713][  0]LogPakFile: PakFile FullDirectoryIndexSize=148
[2024.03.12-22.21.34:713][  0]LogShaderLibrary: Display: ShaderCodeLibraryPakFileMountedCallback: PakFile 'C:/Program Files/Epic Games/UE_4.27/FeaturePacks/TP_TwinStickBP.upack' (chunk index -1, root 'root:/') mounted
[2024.03.12-22.21.34:713][  0]LogShaderLibrary: Display: ShaderCodeLibraryPakFileMountedCallback: pending pak file info (ChunkID:-1 Root:root:/ File:C:/Program Files/Epic Games/UE_4.27/FeaturePacks/TP_TwinStickBP.upack)
[2024.03.12-22.21.34:713][  0]LogPakFile: OnPakFileMounted2Time == 0.000086
[2024.03.12-22.21.34:714][  0]LogPakFile: PakFile PrimaryIndexSize=183
[2024.03.12-22.21.34:714][  0]LogPakFile: PakFile PathHashIndexSize=101
[2024.03.12-22.21.34:714][  0]LogPakFile: PakFile FullDirectoryIndexSize=140
[2024.03.12-22.21.34:714][  0]LogShaderLibrary: Display: ShaderCodeLibraryPakFileMountedCallback: PakFile 'C:/Program Files/Epic Games/UE_4.27/FeaturePacks/TP_Vehicle.upack' (chunk index -1, root 'root:/') mounted
[2024.03.12-22.21.34:714][  0]LogShaderLibrary: Display: ShaderCodeLibraryPakFileMountedCallback: pending pak file info (ChunkID:-1 Root:root:/ File:C:/Program Files/Epic Games/UE_4.27/FeaturePacks/TP_Vehicle.upack)
[2024.03.12-22.21.34:714][  0]LogPakFile: OnPakFileMounted2Time == 0.000078
[2024.03.12-22.21.34:715][  0]LogPakFile: PakFile PrimaryIndexSize=186
[2024.03.12-22.21.34:715][  0]LogPakFile: PakFile PathHashIndexSize=101
[2024.03.12-22.21.34:716][  0]LogPakFile: PakFile FullDirectoryIndexSize=146
[2024.03.12-22.21.34:716][  0]LogShaderLibrary: Display: ShaderCodeLibraryPakFileMountedCallback: PakFile 'C:/Program Files/Epic Games/UE_4.27/FeaturePacks/TP_VehicleAdv.upack' (chunk index -1, root 'root:/') mounted
[2024.03.12-22.21.34:716][  0]LogShaderLibrary: Display: ShaderCodeLibraryPakFileMountedCallback: pending pak file info (ChunkID:-1 Root:root:/ File:C:/Program Files/Epic Games/UE_4.27/FeaturePacks/TP_VehicleAdv.upack)
[2024.03.12-22.21.34:716][  0]LogPakFile: OnPakFileMounted2Time == 0.000090
[2024.03.12-22.21.34:717][  0]LogPakFile: PakFile PrimaryIndexSize=188
[2024.03.12-22.21.34:717][  0]LogPakFile: PakFile PathHashIndexSize=101
[2024.03.12-22.21.34:717][  0]LogPakFile: PakFile FullDirectoryIndexSize=150
[2024.03.12-22.21.34:717][  0]LogShaderLibrary: Display: ShaderCodeLibraryPakFileMountedCallback: PakFile 'C:/Program Files/Epic Games/UE_4.27/FeaturePacks/TP_VehicleAdvBP.upack' (chunk index -1, root 'root:/') mounted
[2024.03.12-22.21.34:717][  0]LogShaderLibrary: Display: ShaderCodeLibraryPakFileMountedCallback: pending pak file info (ChunkID:-1 Root:root:/ File:C:/Program Files/Epic Games/UE_4.27/FeaturePacks/TP_VehicleAdvBP.upack)
[2024.03.12-22.21.34:717][  0]LogPakFile: OnPakFileMounted2Time == 0.000093
[2024.03.12-22.21.34:719][  0]LogPakFile: PakFile PrimaryIndexSize=185
[2024.03.12-22.21.34:719][  0]LogPakFile: PakFile PathHashIndexSize=101
[2024.03.12-22.21.34:719][  0]LogPakFile: PakFile FullDirectoryIndexSize=144
[2024.03.12-22.21.34:719][  0]LogShaderLibrary: Display: ShaderCodeLibraryPakFileMountedCallback: PakFile 'C:/Program Files/Epic Games/UE_4.27/FeaturePacks/TP_VehicleBP.upack' (chunk index -1, root 'root:/') mounted
[2024.03.12-22.21.34:719][  0]LogShaderLibrary: Display: ShaderCodeLibraryPakFileMountedCallback: pending pak file info (ChunkID:-1 Root:root:/ File:C:/Program Files/Epic Games/UE_4.27/FeaturePacks/TP_VehicleBP.upack)
[2024.03.12-22.21.34:719][  0]LogPakFile: OnPakFileMounted2Time == 0.000098
[2024.03.12-22.21.34:723][  0]LogPakFile: PakFile PrimaryIndexSize=192
[2024.03.12-22.21.34:723][  0]LogPakFile: PakFile PathHashIndexSize=101
[2024.03.12-22.21.34:723][  0]LogPakFile: PakFile FullDirectoryIndexSize=158
[2024.03.12-22.21.34:723][  0]LogShaderLibrary: Display: ShaderCodeLibraryPakFileMountedCallback: PakFile 'C:/Program Files/Epic Games/UE_4.27/FeaturePacks/TP_VirtualRealityBP.upack' (chunk index -1, root 'root:/') mounted
[2024.03.12-22.21.34:723][  0]LogShaderLibrary: Display: ShaderCodeLibraryPakFileMountedCallback: pending pak file info (ChunkID:-1 Root:root:/ File:C:/Program Files/Epic Games/UE_4.27/FeaturePacks/TP_VirtualRealityBP.upack)
[2024.03.12-22.21.34:723][  0]LogPakFile: OnPakFileMounted2Time == 0.000066
[2024.03.12-22.21.34:859][  0]LogNativeClassHierarchy: Verbose: Native class hierarchy updated for 'AddContentDialog' in 0.0004 seconds. Added 0 classes and 0 folders.
[2024.03.12-22.21.34:861][  0]LogNativeClassHierarchy: Verbose: Native class hierarchy updated for 'SceneOutliner' in 0.0006 seconds. Added 2 classes and 0 folders.
[2024.03.12-22.21.35:059][  0]LogSlate: Took 0.000242 seconds to synchronously load lazily loaded font '../../../Engine/Content/Slate/Fonts/Roboto-Regular.ttf' (155K)
[2024.03.12-22.21.35:060][  0]LogSlate: Took 0.000299 seconds to synchronously load lazily loaded font '../../../Engine/Content/Editor/Slate/Fonts/FontAwesome.ttf' (139K)
[2024.03.12-22.21.35:062][  0]LogSlate: Took 0.000189 seconds to synchronously load lazily loaded font '../../../Engine/Content/Slate/Fonts/Roboto-Bold.ttf' (160K)
[2024.03.12-22.21.35:205][  0]LogRenderer: Reallocating scene render targets to support 2384x568 Format 10 NumSamples 1 (Frame:1).
[2024.03.12-22.21.36:765][  0]LogNativeClassHierarchy: Verbose: Native class hierarchy updated for 'HierarchicalLODOutliner' in 0.0004 seconds. Added 0 classes and 0 folders.
[2024.03.12-22.21.36:765][  0]LogLoad: (Engine Initialization) Total time: 40.60 seconds
[2024.03.12-22.21.36:765][  0]LogLoad: (Engine Initialization) Total Blueprint compile time: 0.00 seconds
[2024.03.12-22.21.36:867][  0]LogContentStreaming: Texture pool size now 1000 MB
[2024.03.12-22.21.37:228][  3]LogAssetRegistry: Asset discovery search completed in 20.1272 seconds
[2024.03.12-22.21.37:237][  3]LogCollectionManager: Fixed up redirectors for 0 collections in 0.000005 seconds (updated 0 objects)
[2024.03.12-22.21.38:051][  6]LogSlate: Took 0.000273 seconds to synchronously load lazily loaded font '../../../Engine/Content/Slate/Fonts/Roboto-Light.ttf' (167K)
[2024.03.12-22.21.38:069][  6]LogAssetEditorSubsystem: Opening Asset editor for Blueprint /Game/Levels/TransitionFinal_BP.TransitionFinal_BP
[2024.03.12-22.21.38:813][  6]LogNativeClassHierarchy: Verbose: Native class hierarchy updated for 'BlueprintGraph' in 0.0011 seconds. Added 126 classes and 0 folders.
[2024.03.12-22.21.44:535][  6]LogAssetEditorSubsystem: Opening Asset editor for Blueprint /Game/Characters/Hero/2DSideScrollerCharacter.2DSideScrollerCharacter
[2024.03.12-22.21.45:974][  6]LogAssetEditorSubsystem: Opening Asset editor for WidgetBlueprint /Game/UI/MainMenu.MainMenu
[2024.03.12-22.21.47:279][  6]LogAssetEditorSubsystem: Opening Asset editor for WidgetBlueprint /Game/UI/Settings.Settings
[2024.03.12-22.21.50:448][  6]LogSlate: Took 0.006454 seconds to synchronously load lazily loaded font '../../../Engine/Content/Slate/Fonts/Roboto-BoldCondensed.ttf' (158K)
[2024.03.12-22.24.29:139][479]LogHttp: Warning: 0000015428EE8800: invalid HTTP response code received. URL: https://datarouter.ol.epicgames.com/datarouter/api/v1/public/data?SessionID=%7BAA5F36FB-4AB5-3F96-DDF6-87AB3CDF6FC3%7D&AppID=UEEditor.Rocket.Release&AppVersion=4.27.2-18319896%2B%2B%2BUE4%2BRelease-4.27&UserID=8445c7794047b75fc1b549844ec62348%7C30601d2b7b1f4eafa9b1bbd68833e5cb%7C09492bb4-e019-4ba2-be49-9ffbf496c305&AppEnvironment=datacollector-binary&UploadType=eteventstream, HTTP code: 0, content length: 0, actual payload size: 0
[2024.03.12-22.24.29:139][479]LogHttp: Warning: 0000015428EE8800: request failed, libcurl error: 0 (No error)
[2024.03.12-22.24.29:139][479]LogHttp: Warning: 0000015428EE8800: libcurl info message cache 0 (Found bundle for host datarouter.ol.epicgames.com: 0x1545a947eb0 [can pipeline])
[2024.03.12-22.24.29:139][479]LogHttp: Warning: 0000015428EE8800: libcurl info message cache 1 (Re-using existing connection! (#0) with host datarouter.ol.epicgames.com)
[2024.03.12-22.24.29:139][479]LogHttp: Warning: 0000015428EE8800: libcurl info message cache 2 (Connected to datarouter.ol.epicgames.com (54.86.223.135) port 443 (#0))
[2024.03.12-22.24.29:139][479]LogHttp: Warning: 0000015428EE8800: libcurl info message cache 3 (We are completely uploaded and fine)
[2024.03.12-22.24.29:139][479]LogHttp: Warning: 0000015428EE8800: libcurl info message cache 4 (TLSv1.2 (IN), TLS alert, Client hello (1):)
[2024.03.12-22.24.29:139][479]LogHttp: Warning: 0000015428EE8800: libcurl info message cache 5 (Connection died, retrying a fresh connect)
[2024.03.12-22.24.29:139][479]LogHttp: Warning: 0000015428EE8800: libcurl info message cache 6 (necessary data rewind wasn't possible)
[2024.03.12-22.24.29:139][479]LogHttp: Warning: 0000015428EE8800: libcurl info message cache 7 (Closing connection 0)
[2024.03.12-22.24.29:139][479]LogHttp: Warning: 0000015428EE8800: libcurl info message cache 8 (TLSv1.2 (OUT), TLS alert, Client hello (1):)
[2024.03.12-22.24.29:472][480]LogHttp: Warning: Retry exhausted on https://datarouter.ol.epicgames.com/datarouter/api/v1/public/data?SessionID=%7BAA5F36FB-4AB5-3F96-DDF6-87AB3CDF6FC3%7D&AppID=UEEditor.Rocket.Release&AppVersion=4.27.2-18319896%2B%2B%2BUE4%2BRelease-4.27&UserID=8445c7794047b75fc1b549844ec62348%7C30601d2b7b1f4eafa9b1bbd68833e5cb%7C09492bb4-e019-4ba2-be49-9ffbf496c305&AppEnvironment=datacollector-binary&UploadType=eteventstream
[2024.03.12-22.28.29:007][195]LogHttp: Warning: 0000015494693900: invalid HTTP response code received. URL: https://datarouter.ol.epicgames.com/datarouter/api/v1/public/data?SessionID=%7BAA5F36FB-4AB5-3F96-DDF6-87AB3CDF6FC3%7D&AppID=UEEditor.Rocket.Release&AppVersion=4.27.2-18319896%2B%2B%2BUE4%2BRelease-4.27&UserID=8445c7794047b75fc1b549844ec62348%7C30601d2b7b1f4eafa9b1bbd68833e5cb%7C09492bb4-e019-4ba2-be49-9ffbf496c305&AppEnvironment=datacollector-binary&UploadType=eteventstream, HTTP code: 0, content length: 0, actual payload size: 0
[2024.03.12-22.28.29:007][195]LogHttp: Warning: 0000015494693900: request failed, libcurl error: 0 (No error)
[2024.03.12-22.28.29:007][195]LogHttp: Warning: 0000015494693900: libcurl info message cache 0 (Found bundle for host datarouter.ol.epicgames.com: 0x1545a947a90 [can pipeline])
[2024.03.12-22.28.29:007][195]LogHttp: Warning: 0000015494693900: libcurl info message cache 1 (Re-using existing connection! (#1) with host datarouter.ol.epicgames.com)
[2024.03.12-22.28.29:007][195]LogHttp: Warning: 0000015494693900: libcurl info message cache 2 (Connected to datarouter.ol.epicgames.com (3.219.64.240) port 443 (#1))
[2024.03.12-22.28.29:007][195]LogHttp: Warning: 0000015494693900: libcurl info message cache 3 (We are completely uploaded and fine)
[2024.03.12-22.28.29:007][195]LogHttp: Warning: 0000015494693900: libcurl info message cache 4 (TLSv1.2 (IN), TLS alert, Client hello (1):)
[2024.03.12-22.28.29:007][195]LogHttp: Warning: 0000015494693900: libcurl info message cache 5 (Connection died, retrying a fresh connect)
[2024.03.12-22.28.29:007][195]LogHttp: Warning: 0000015494693900: libcurl info message cache 6 (necessary data rewind wasn't possible)
[2024.03.12-22.28.29:007][195]LogHttp: Warning: 0000015494693900: libcurl info message cache 7 (Closing connection 1)
[2024.03.12-22.28.29:007][195]LogHttp: Warning: 0000015494693900: libcurl info message cache 8 (TLSv1.2 (OUT), TLS alert, Client hello (1):)
[2024.03.12-22.28.29:385][196]LogHttp: Warning: Retry exhausted on https://datarouter.ol.epicgames.com/datarouter/api/v1/public/data?SessionID=%7BAA5F36FB-4AB5-3F96-DDF6-87AB3CDF6FC3%7D&AppID=UEEditor.Rocket.Release&AppVersion=4.27.2-18319896%2B%2B%2BUE4%2BRelease-4.27&UserID=8445c7794047b75fc1b549844ec62348%7C30601d2b7b1f4eafa9b1bbd68833e5cb%7C09492bb4-e019-4ba2-be49-9ffbf496c305&AppEnvironment=datacollector-binary&UploadType=eteventstream
